Analysis & Synthesis report for Fomin_convert_1
Tue Oct 19 21:08:11 2021
Quartus II Version 9.1 Build 350 03/24/2010 Service Pack 2 SJ Web Edition


---------------------
; Table of Contents ;
---------------------
  1. Legal Notice
  2. Analysis & Synthesis Summary
  3. Analysis & Synthesis Settings
  4. Parallel Compilation
  5. Analysis & Synthesis Source Files Read
  6. Analysis & Synthesis Resource Usage Summary
  7. Analysis & Synthesis Resource Utilization by Entity
  8. Analysis & Synthesis DSP Block Usage Summary
  9. Registers Removed During Synthesis
 10. General Register Statistics
 11. Inverted Register Statistics
 12. Multiplexer Restructuring Statistics (Restructuring Performed)
 13. Parameter Settings for Inferred Entity Instance: lpm_mult:Mult0
 14. lpm_mult Parameter Settings by Entity Instance
 15. Analysis & Synthesis Messages



----------------
; Legal Notice ;
----------------
Copyright (C) 1991-2010 Altera Corporation
Your use of Altera Corporation's design tools, logic functions 
and other software and tools, and its AMPP partner logic 
functions, and any output files from any of the foregoing 
(including device programming or simulation files), and any 
associated documentation or information are expressly subject 
to the terms and conditions of the Altera Program License 
Subscription Agreement, Altera MegaCore Function License 
Agreement, or other applicable license agreement, including, 
without limitation, that your use is for the sole purpose of 
programming logic devices manufactured by Altera and sold by 
Altera or its authorized distributors.  Please refer to the 
applicable agreement for further details.



+------------------------------------------------------------------------------+
; Analysis & Synthesis Summary                                                 ;
+-------------------------------+----------------------------------------------+
; Analysis & Synthesis Status   ; Successful - Tue Oct 19 21:08:11 2021        ;
; Quartus II Version            ; 9.1 Build 350 03/24/2010 SP 2 SJ Web Edition ;
; Revision Name                 ; Fomin_convert_1                              ;
; Top-level Entity Name         ; Fomin_convert_1                              ;
; Family                        ; Stratix II                                   ;
; Logic utilization             ; N/A                                          ;
;     Combinational ALUTs       ; 85                                           ;
;     Dedicated logic registers ; 84                                           ;
; Total registers               ; 84                                           ;
; Total pins                    ; 70                                           ;
; Total virtual pins            ; 0                                            ;
; Total block memory bits       ; 0                                            ;
; DSP block 9-bit elements      ; 8                                            ;
; Total PLLs                    ; 0                                            ;
; Total DLLs                    ; 0                                            ;
+-------------------------------+----------------------------------------------+


+----------------------------------------------------------------------------------------------------------------------+
; Analysis & Synthesis Settings                                                                                        ;
+----------------------------------------------------------------------------+--------------------+--------------------+
; Option                                                                     ; Setting            ; Default Value      ;
+----------------------------------------------------------------------------+--------------------+--------------------+
; Top-level entity name                                                      ; Fomin_convert_1    ; Fomin_convert_1    ;
; Family name                                                                ; Stratix II         ; Stratix II         ;
; Use Generated Physical Constraints File                                    ; Off                ;                    ;
; Use smart compilation                                                      ; Off                ; Off                ;
; Enable parallel Assembler and TimeQuest Timing Analyzer during compilation ; On                 ; On                 ;
; Enable compact report table                                                ; Off                ; Off                ;
; Restructure Multiplexers                                                   ; Auto               ; Auto               ;
; Create Debugging Nodes for IP Cores                                        ; Off                ; Off                ;
; Preserve fewer node names                                                  ; On                 ; On                 ;
; Disable OpenCore Plus hardware evaluation                                  ; Off                ; Off                ;
; Verilog Version                                                            ; Verilog_2001       ; Verilog_2001       ;
; VHDL Version                                                               ; VHDL_1993          ; VHDL_1993          ;
; State Machine Processing                                                   ; Auto               ; Auto               ;
; Safe State Machine                                                         ; Off                ; Off                ;
; Extract Verilog State Machines                                             ; On                 ; On                 ;
; Extract VHDL State Machines                                                ; On                 ; On                 ;
; Ignore Verilog initial constructs                                          ; Off                ; Off                ;
; Iteration limit for constant Verilog loops                                 ; 5000               ; 5000               ;
; Iteration limit for non-constant Verilog loops                             ; 250                ; 250                ;
; Add Pass-Through Logic to Inferred RAMs                                    ; On                 ; On                 ;
; Parallel Synthesis                                                         ; On                 ; On                 ;
; DSP Block Balancing                                                        ; Auto               ; Auto               ;
; NOT Gate Push-Back                                                         ; On                 ; On                 ;
; Power-Up Don't Care                                                        ; On                 ; On                 ;
; Remove Redundant Logic Cells                                               ; Off                ; Off                ;
; Remove Duplicate Registers                                                 ; On                 ; On                 ;
; Ignore CARRY Buffers                                                       ; Off                ; Off                ;
; Ignore CASCADE Buffers                                                     ; Off                ; Off                ;
; Ignore GLOBAL Buffers                                                      ; Off                ; Off                ;
; Ignore ROW GLOBAL Buffers                                                  ; Off                ; Off                ;
; Ignore LCELL Buffers                                                       ; Off                ; Off                ;
; Ignore SOFT Buffers                                                        ; On                 ; On                 ;
; Limit AHDL Integers to 32 Bits                                             ; Off                ; Off                ;
; Optimization Technique                                                     ; Balanced           ; Balanced           ;
; Carry Chain Length                                                         ; 70                 ; 70                 ;
; Auto Carry Chains                                                          ; On                 ; On                 ;
; Auto Open-Drain Pins                                                       ; On                 ; On                 ;
; Perform WYSIWYG Primitive Resynthesis                                      ; Off                ; Off                ;
; Auto ROM Replacement                                                       ; On                 ; On                 ;
; Auto RAM Replacement                                                       ; On                 ; On                 ;
; Auto DSP Block Replacement                                                 ; On                 ; On                 ;
; Auto Shift Register Replacement                                            ; Auto               ; Auto               ;
; Auto Clock Enable Replacement                                              ; On                 ; On                 ;
; Strict RAM Replacement                                                     ; Off                ; Off                ;
; Allow Synchronous Control Signals                                          ; On                 ; On                 ;
; Force Use of Synchronous Clear Signals                                     ; Off                ; Off                ;
; Auto RAM Block Balancing                                                   ; On                 ; On                 ;
; Auto RAM to Logic Cell Conversion                                          ; Off                ; Off                ;
; Auto Resource Sharing                                                      ; Off                ; Off                ;
; Allow Any RAM Size For Recognition                                         ; Off                ; Off                ;
; Allow Any ROM Size For Recognition                                         ; Off                ; Off                ;
; Allow Any Shift Register Size For Recognition                              ; Off                ; Off                ;
; Use LogicLock Constraints during Resource Balancing                        ; On                 ; On                 ;
; Ignore translate_off and synthesis_off directives                          ; Off                ; Off                ;
; Timing-Driven Synthesis                                                    ; Off                ; Off                ;
; Show Parameter Settings Tables in Synthesis Report                         ; On                 ; On                 ;
; Ignore Maximum Fan-Out Assignments                                         ; Off                ; Off                ;
; Synchronization Register Chain Length                                      ; 2                  ; 2                  ;
; PowerPlay Power Optimization                                               ; Normal compilation ; Normal compilation ;
; HDL message level                                                          ; Level2             ; Level2             ;
; Suppress Register Optimization Related Messages                            ; Off                ; Off                ;
; Number of Removed Registers Reported in Synthesis Report                   ; 5000               ; 5000               ;
; Number of Inverted Registers Reported in Synthesis Report                  ; 100                ; 100                ;
; Clock MUX Protection                                                       ; On                 ; On                 ;
; Auto Gated Clock Conversion                                                ; Off                ; Off                ;
; Block Design Naming                                                        ; Auto               ; Auto               ;
; SDC constraint protection                                                  ; Off                ; Off                ;
; Synthesis Effort                                                           ; Auto               ; Auto               ;
; Shift Register Replacement - Allow Asynchronous Clear Signal               ; On                 ; On                 ;
; Analysis & Synthesis Message Level                                         ; Medium             ; Medium             ;
; Disable Register Merging Across Hierarchies                                ; Auto               ; Auto               ;
; Resource Aware Inference For Block RAM                                     ; On                 ; On                 ;
+----------------------------------------------------------------------------+--------------------+--------------------+


Parallel compilation was disabled, but you have multiple processors available. Enable parallel compilation to reduce compilation time.
+-------------------------------------+
; Parallel Compilation                ;
+----------------------------+--------+
; Processors                 ; Number ;
+----------------------------+--------+
; Number detected on machine ; 2      ;
; Maximum allowed            ; 1      ;
+----------------------------+--------+


+-------------------------------------------------------------------------------------------------------------------------------------------------------------------------------------------------------------+
; Analysis & Synthesis Source Files Read                                                                                                                                                                      ;
+----------------------------------+-----------------+------------------------------+-------------------------------------------------------------------------------------------------------------------------+
; File Name with User-Entered Path ; Used in Netlist ; File Type                    ; File Name with Absolute Path                                                                                            ;
+----------------------------------+-----------------+------------------------------+-------------------------------------------------------------------------------------------------------------------------+
; Fomin_convert_1.vhd              ; yes             ; User VHDL File               ; C:/Users/FOMSI/Desktop/Учеба 2021 1-Семестр/Технологическое проектирование/Course_project/convert_1/Fomin_convert_1.vhd ;
; lpm_mult.tdf                     ; yes             ; Megafunction                 ; d:/programs/quartus/quartus/libraries/megafunctions/lpm_mult.tdf                                                        ;
; db/mult_k2t.tdf                  ; yes             ; Auto-Generated Megafunction  ; C:/Users/FOMSI/Desktop/Учеба 2021 1-Семестр/Технологическое проектирование/Course_project/convert_1/db/mult_k2t.tdf     ;
+----------------------------------+-----------------+------------------------------+-------------------------------------------------------------------------------------------------------------------------+


+----------------------------------------------------------+
; Analysis & Synthesis Resource Usage Summary              ;
+-----------------------------------------------+----------+
; Resource                                      ; Usage    ;
+-----------------------------------------------+----------+
; Estimated ALUTs Used                          ; 85       ;
; Dedicated logic registers                     ; 84       ;
;                                               ;          ;
; Estimated ALUTs Unavailable                   ; 0        ;
;                                               ;          ;
; Total combinational functions                 ; 85       ;
; Combinational ALUT usage by number of inputs  ;          ;
;     -- 7 input functions                      ; 0        ;
;     -- 6 input functions                      ; 7        ;
;     -- 5 input functions                      ; 9        ;
;     -- 4 input functions                      ; 0        ;
;     -- <=3 input functions                    ; 69       ;
;                                               ;          ;
; Combinational ALUTs by mode                   ;          ;
;     -- normal mode                            ; 32       ;
;     -- extended LUT mode                      ; 0        ;
;     -- arithmetic mode                        ; 42       ;
;     -- shared arithmetic mode                 ; 11       ;
;                                               ;          ;
; Estimated ALUT/register pairs used            ; 97       ;
;                                               ;          ;
; Total registers                               ; 84       ;
;     -- Dedicated logic registers              ; 84       ;
;     -- I/O registers                          ; 0        ;
;                                               ;          ;
; Estimated ALMs:  partially or completely used ; 49       ;
;                                               ;          ;
; I/O pins                                      ; 70       ;
; DSP block 9-bit elements                      ; 8        ;
; Maximum fan-out node                          ; time_sig ;
; Maximum fan-out                               ; 84       ;
; Total fan-out                                 ; 591      ;
; Average fan-out                               ; 2.42     ;
+-----------------------------------------------+----------+


+----------------------------------------------------------------------------------------------------------------------------------------------------------------------------------------------------------------------------------------+
; Analysis & Synthesis Resource Utilization by Entity                                                                                                                                                                                    ;
+---------------------------------+-------------------+--------------+-------------------+--------------+---------+-----------+-----------+------+--------------+---------------------------------------------------------+--------------+
; Compilation Hierarchy Node      ; LC Combinationals ; LC Registers ; Block Memory Bits ; DSP Elements ; DSP 9x9 ; DSP 18x18 ; DSP 36x36 ; Pins ; Virtual Pins ; Full Hierarchy Name                                     ; Library Name ;
+---------------------------------+-------------------+--------------+-------------------+--------------+---------+-----------+-----------+------+--------------+---------------------------------------------------------+--------------+
; |Fomin_convert_1                ; 85 (85)           ; 84 (84)      ; 0                 ; 8            ; 0       ; 0         ; 1         ; 70   ; 0            ; |Fomin_convert_1                                        ; work         ;
;    |lpm_mult:Mult0|             ; 0 (0)             ; 0 (0)        ; 0                 ; 8            ; 0       ; 0         ; 1         ; 0    ; 0            ; |Fomin_convert_1|lpm_mult:Mult0                         ;              ;
;       |mult_k2t:auto_generated| ; 0 (0)             ; 0 (0)        ; 0                 ; 8            ; 0       ; 0         ; 1         ; 0    ; 0            ; |Fomin_convert_1|lpm_mult:Mult0|mult_k2t:auto_generated ;              ;
+---------------------------------+-------------------+--------------+-------------------+--------------+---------+-----------+-----------+------+--------------+---------------------------------------------------------+--------------+
Note: For table entries with two numbers listed, the numbers in parentheses indicate the number of resources of the given type used by the specific entity alone. The numbers listed outside of parentheses indicate the total resources of the given type used by the specific entity and all of its sub-entities in the hierarchy.


+------------------------------------------------+
; Analysis & Synthesis DSP Block Usage Summary   ;
+----------------------------------+-------------+
; Statistic                        ; Number Used ;
+----------------------------------+-------------+
; Simple Multipliers (9-bit)       ; 0           ;
; Simple Multipliers (18-bit)      ; 0           ;
; Simple Multipliers (36-bit)      ; 1           ;
; Multiply Accumulators (18-bit)   ; 0           ;
; Two-Multipliers Adders (9-bit)   ; 0           ;
; Two-Multipliers Adders (18-bit)  ; 0           ;
; Four-Multipliers Adders (9-bit)  ; 0           ;
; Four-Multipliers Adders (18-bit) ; 0           ;
; Dynamic DSP Blocks               ; 0           ;
; DSP Blocks                       ; --          ;
; DSP Block 9-bit Elements         ; 8           ;
; Signed Multipliers               ; 1           ;
; Unsigned Multipliers             ; 0           ;
; Mixed Sign Multipliers           ; 0           ;
; Variable Sign Multipliers        ; 0           ;
; Dedicated Shift Register Chains  ; 0           ;
+----------------------------------+-------------+
Note: number of DSP Blocks used is only available after a successful fit.


+---------------------------------------------------------------------------------+
; Registers Removed During Synthesis                                              ;
+----------------------------------------+----------------------------------------+
; Register name                          ; Reason for Removal                     ;
+----------------------------------------+----------------------------------------+
; z[9..30]                               ; Stuck at GND due to stuck port data_in ;
; m[20..30]                              ; Stuck at GND due to stuck port data_in ;
; m[31]                                  ; Merged with z[31]                      ;
; Total Number of Removed Registers = 34 ;                                        ;
+----------------------------------------+----------------------------------------+


+------------------------------------------------------+
; General Register Statistics                          ;
+----------------------------------------------+-------+
; Statistic                                    ; Value ;
+----------------------------------------------+-------+
; Total registers                              ; 84    ;
; Number of registers using Synchronous Clear  ; 0     ;
; Number of registers using Synchronous Load   ; 0     ;
; Number of registers using Asynchronous Clear ; 69    ;
; Number of registers using Asynchronous Load  ; 15    ;
; Number of registers using Clock Enable       ; 0     ;
; Number of registers using Preset             ; 0     ;
+----------------------------------------------+-------+


+---------------------------------------------------+
; Inverted Register Statistics                      ;
+-----------------------------------------+---------+
; Inverted Register                       ; Fan out ;
+-----------------------------------------+---------+
; x1[0]                                   ; 1       ;
; x1[31]                                  ; 1       ;
; p1[3]                                   ; 2       ;
; p1[2]                                   ; 9       ;
; p1[1]                                   ; 9       ;
; p1[0]                                   ; 9       ;
; p1[4]                                   ; 2       ;
; p1[5]                                   ; 2       ;
; p1[6]                                   ; 2       ;
; p1[7]                                   ; 2       ;
; p1[8]                                   ; 2       ;
; p1[9]                                   ; 10      ;
; m[0]                                    ; 2       ;
; z[0]                                    ; 2       ;
; z[31]                                   ; 4       ;
; Total number of inverted registers = 15 ;         ;
+-----------------------------------------+---------+


+------------------------------------------------------------------------------------------------------------------------------------------+
; Multiplexer Restructuring Statistics (Restructuring Performed)                                                                           ;
+--------------------+-----------+---------------+----------------------+------------------------+------------+----------------------------+
; Multiplexer Inputs ; Bus Width ; Baseline Area ; Area if Restructured ; Saving if Restructured ; Registered ; Example Multiplexer Output ;
+--------------------+-----------+---------------+----------------------+------------------------+------------+----------------------------+
; 3:1                ; 7 bits    ; 14 ALUTs      ; 14 ALUTs             ; 0 ALUTs                ; Yes        ; |Fomin_convert_1|z[6]      ;
+--------------------+-----------+---------------+----------------------+------------------------+------------+----------------------------+


+-----------------------------------------------------------------------------------+
; Parameter Settings for Inferred Entity Instance: lpm_mult:Mult0                   ;
+------------------------------------------------+------------+---------------------+
; Parameter Name                                 ; Value      ; Type                ;
+------------------------------------------------+------------+---------------------+
; AUTO_CARRY_CHAINS                              ; ON         ; AUTO_CARRY          ;
; IGNORE_CARRY_BUFFERS                           ; OFF        ; IGNORE_CARRY        ;
; AUTO_CASCADE_CHAINS                            ; ON         ; AUTO_CASCADE        ;
; IGNORE_CASCADE_BUFFERS                         ; OFF        ; IGNORE_CASCADE      ;
; LPM_WIDTHA                                     ; 32         ; Untyped             ;
; LPM_WIDTHB                                     ; 32         ; Untyped             ;
; LPM_WIDTHP                                     ; 64         ; Untyped             ;
; LPM_WIDTHR                                     ; 64         ; Untyped             ;
; LPM_WIDTHS                                     ; 1          ; Untyped             ;
; LPM_REPRESENTATION                             ; SIGNED     ; Untyped             ;
; LPM_PIPELINE                                   ; 0          ; Untyped             ;
; LATENCY                                        ; 0          ; Untyped             ;
; INPUT_A_IS_CONSTANT                            ; NO         ; Untyped             ;
; INPUT_B_IS_CONSTANT                            ; NO         ; Untyped             ;
; USE_EAB                                        ; OFF        ; Untyped             ;
; MAXIMIZE_SPEED                                 ; 5          ; Untyped             ;
; DEVICE_FAMILY                                  ; Stratix II ; Untyped             ;
; CARRY_CHAIN                                    ; MANUAL     ; Untyped             ;
; APEX20K_TECHNOLOGY_MAPPER                      ; LUT        ; TECH_MAPPER_APEX20K ;
; DEDICATED_MULTIPLIER_CIRCUITRY                 ; AUTO       ; Untyped             ;
; DEDICATED_MULTIPLIER_MIN_INPUT_WIDTH_FOR_AUTO  ; 0          ; Untyped             ;
; DEDICATED_MULTIPLIER_MIN_OUTPUT_WIDTH_FOR_AUTO ; 0          ; Untyped             ;
; CBXI_PARAMETER                                 ; mult_k2t   ; Untyped             ;
; INPUT_A_FIXED_VALUE                            ; Bx         ; Untyped             ;
; INPUT_B_FIXED_VALUE                            ; Bx         ; Untyped             ;
; USE_AHDL_IMPLEMENTATION                        ; OFF        ; Untyped             ;
+------------------------------------------------+------------+---------------------+
Note: In order to hide this table in the UI and the text report file, please set the "Show Parameter Settings Tables in Synthesis Report" option in "Analysis and Synthesis Settings -> More Settings" to "Off".


+--------------------------------------------------------+
; lpm_mult Parameter Settings by Entity Instance         ;
+---------------------------------------+----------------+
; Name                                  ; Value          ;
+---------------------------------------+----------------+
; Number of entity instances            ; 1              ;
; Entity Instance                       ; lpm_mult:Mult0 ;
;     -- LPM_WIDTHA                     ; 32             ;
;     -- LPM_WIDTHB                     ; 32             ;
;     -- LPM_WIDTHP                     ; 64             ;
;     -- LPM_REPRESENTATION             ; SIGNED         ;
;     -- INPUT_A_IS_CONSTANT            ; NO             ;
;     -- INPUT_B_IS_CONSTANT            ; NO             ;
;     -- USE_EAB                        ; OFF            ;
;     -- DEDICATED_MULTIPLIER_CIRCUITRY ; AUTO           ;
;     -- INPUT_A_FIXED_VALUE            ; Bx             ;
;     -- INPUT_B_FIXED_VALUE            ; Bx             ;
+---------------------------------------+----------------+


+-------------------------------+
; Analysis & Synthesis Messages ;
+-------------------------------+
Info: *******************************************************************
Info: Running Quartus II Analysis & Synthesis
    Info: Version 9.1 Build 350 03/24/2010 Service Pack 2 SJ Web Edition
    Info: Processing started: Tue Oct 19 21:08:08 2021
Info: Command: quartus_map --read_settings_files=on --write_settings_files=off Fomin_convert_1 -c Fomin_convert_1
Info: Found 2 design units, including 1 entities, in source file fomin_convert_1.vhd
    Info: Found design unit 1: Fomin_convert_1-convert
    Info: Found entity 1: Fomin_convert_1
Info: Elaborating entity "Fomin_convert_1" for the top level hierarchy
Warning (10036): Verilog HDL or VHDL warning at Fomin_convert_1.vhd(43): object "pc_1" assigned a value but never read
Warning (10036): Verilog HDL or VHDL warning at Fomin_convert_1.vhd(44): object "str2" assigned a value but never read
Warning (10492): VHDL Process Statement warning at Fomin_convert_1.vhd(74): signal "x1" is read inside the Process Statement but isn't in the Process Statement's sensitivity list
Warning (10492): VHDL Process Statement warning at Fomin_convert_1.vhd(90): signal "count" is read inside the Process Statement but isn't in the Process Statement's sensitivity list
Warning (10492): VHDL Process Statement warning at Fomin_convert_1.vhd(90): signal "num_n" is read inside the Process Statement but isn't in the Process Statement's sensitivity list
Warning (10492): VHDL Process Statement warning at Fomin_convert_1.vhd(90): signal "p1" is read inside the Process Statement but isn't in the Process Statement's sensitivity list
Warning (10492): VHDL Process Statement warning at Fomin_convert_1.vhd(104): signal "num_n" is read inside the Process Statement but isn't in the Process Statement's sensitivity list
Warning (10492): VHDL Process Statement warning at Fomin_convert_1.vhd(104): signal "p1" is read inside the Process Statement but isn't in the Process Statement's sensitivity list
Warning (10492): VHDL Process Statement warning at Fomin_convert_1.vhd(109): signal "str3" is read inside the Process Statement but isn't in the Process Statement's sensitivity list
Info: Inferred 1 megafunctions from design logic
    Info: Inferred multiplier megafunction ("lpm_mult") from the following logic: "Mult0"
Info: Elaborated megafunction instantiation "lpm_mult:Mult0"
Info: Instantiated megafunction "lpm_mult:Mult0" with the following parameter:
    Info: Parameter "LPM_WIDTHA" = "32"
    Info: Parameter "LPM_WIDTHB" = "32"
    Info: Parameter "LPM_WIDTHP" = "64"
    Info: Parameter "LPM_WIDTHR" = "64"
    Info: Parameter "LPM_WIDTHS" = "1"
    Info: Parameter "LPM_REPRESENTATION" = "SIGNED"
    Info: Parameter "INPUT_A_IS_CONSTANT" = "NO"
    Info: Parameter "INPUT_B_IS_CONSTANT" = "NO"
    Info: Parameter "MAXIMIZE_SPEED" = "5"
Info: Found 1 design units, including 1 entities, in source file db/mult_k2t.tdf
    Info: Found entity 1: mult_k2t
Warning: Design contains 1 input pin(s) that do not drive logic
    Warning (15610): No output dependent on input pin "num_x[10]"
Info: Implemented 184 device resources after synthesis - the final resource count might be different
    Info: Implemented 37 input pins
    Info: Implemented 33 output pins
    Info: Implemented 106 logic cells
    Info: Implemented 8 DSP elements
Info: Quartus II Analysis & Synthesis was successful. 0 errors, 11 warnings
    Info: Peak virtual memory: 240 megabytes
    Info: Processing ended: Tue Oct 19 21:08:11 2021
    Info: Elapsed time: 00:00:03
    Info: Total CPU time (on all processors): 00:00:03


