Analysis & Synthesis report for add_block
Thu Jan 27 21:06:00 2022
Quartus II Version 9.1 Build 350 03/24/2010 Service Pack 2 SJ Web Edition


---------------------
; Table of Contents ;
---------------------
  1. Legal Notice
  2. Analysis & Synthesis Summary
  3. Analysis & Synthesis Settings
  4. Parallel Compilation
  5. Analysis & Synthesis Source Files Read
  6. Analysis & Synthesis Resource Usage Summary
  7. Analysis & Synthesis Resource Utilization by Entity
  8. Analysis & Synthesis DSP Block Usage Summary
  9. Registers Removed During Synthesis
 10. General Register Statistics
 11. Inverted Register Statistics
 12. Multiplexer Restructuring Statistics (Restructuring Performed)
 13. Parameter Settings for Inferred Entity Instance: math_block:t2|lpm_mult:Mult0
 14. Parameter Settings for Inferred Entity Instance: math_block:t2|lpm_mult:Mult1
 15. Parameter Settings for Inferred Entity Instance: math_block:t2|lpm_mult:Mult2
 16. Parameter Settings for Inferred Entity Instance: math_block:t2|lpm_mult:Mult3
 17. Parameter Settings for Inferred Entity Instance: math_block:t2|lpm_mult:Mult4
 18. Parameter Settings for Inferred Entity Instance: math_block:t2|lpm_mult:Mult5
 19. Parameter Settings for Inferred Entity Instance: math_block:t2|lpm_mult:Mult6
 20. Parameter Settings for Inferred Entity Instance: math_block:t2|lpm_mult:Mult7
 21. Parameter Settings for Inferred Entity Instance: math_block:t2|lpm_mult:Mult8
 22. Parameter Settings for Inferred Entity Instance: Fomin_convert_1:t1|lpm_mult:Mult0
 23. lpm_mult Parameter Settings by Entity Instance
 24. Port Connectivity Checks: "math_block:t2"
 25. Port Connectivity Checks: "Fomin_convert_1:t1"
 26. Analysis & Synthesis Messages



----------------
; Legal Notice ;
----------------
Copyright (C) 1991-2010 Altera Corporation
Your use of Altera Corporation's design tools, logic functions 
and other software and tools, and its AMPP partner logic 
functions, and any output files from any of the foregoing 
(including device programming or simulation files), and any 
associated documentation or information are expressly subject 
to the terms and conditions of the Altera Program License 
Subscription Agreement, Altera MegaCore Function License 
Agreement, or other applicable license agreement, including, 
without limitation, that your use is for the sole purpose of 
programming logic devices manufactured by Altera and sold by 
Altera or its authorized distributors.  Please refer to the 
applicable agreement for further details.



+------------------------------------------------------------------------------+
; Analysis & Synthesis Summary                                                 ;
+-------------------------------+----------------------------------------------+
; Analysis & Synthesis Status   ; Successful - Thu Jan 27 21:06:00 2022        ;
; Quartus II Version            ; 9.1 Build 350 03/24/2010 SP 2 SJ Web Edition ;
; Revision Name                 ; add_block                                    ;
; Top-level Entity Name         ; add_block                                    ;
; Family                        ; Stratix II                                   ;
; Logic utilization             ; N/A                                          ;
;     Combinational ALUTs       ; 703                                          ;
;     Dedicated logic registers ; 642                                          ;
; Total registers               ; 642                                          ;
; Total pins                    ; 184                                          ;
; Total virtual pins            ; 0                                            ;
; Total block memory bits       ; 0                                            ;
; DSP block 9-bit elements      ; 80                                           ;
; Total PLLs                    ; 0                                            ;
; Total DLLs                    ; 0                                            ;
+-------------------------------+----------------------------------------------+


+----------------------------------------------------------------------------------------------------------------------+
; Analysis & Synthesis Settings                                                                                        ;
+----------------------------------------------------------------------------+--------------------+--------------------+
; Option                                                                     ; Setting            ; Default Value      ;
+----------------------------------------------------------------------------+--------------------+--------------------+
; Top-level entity name                                                      ; add_block          ; add_block          ;
; Family name                                                                ; Stratix II         ; Stratix II         ;
; Use Generated Physical Constraints File                                    ; Off                ;                    ;
; Use smart compilation                                                      ; Off                ; Off                ;
; Enable parallel Assembler and TimeQuest Timing Analyzer during compilation ; On                 ; On                 ;
; Enable compact report table                                                ; Off                ; Off                ;
; Restructure Multiplexers                                                   ; Auto               ; Auto               ;
; Create Debugging Nodes for IP Cores                                        ; Off                ; Off                ;
; Preserve fewer node names                                                  ; On                 ; On                 ;
; Disable OpenCore Plus hardware evaluation                                  ; Off                ; Off                ;
; Verilog Version                                                            ; Verilog_2001       ; Verilog_2001       ;
; VHDL Version                                                               ; VHDL_1993          ; VHDL_1993          ;
; State Machine Processing                                                   ; Auto               ; Auto               ;
; Safe State Machine                                                         ; Off                ; Off                ;
; Extract Verilog State Machines                                             ; On                 ; On                 ;
; Extract VHDL State Machines                                                ; On                 ; On                 ;
; Ignore Verilog initial constructs                                          ; Off                ; Off                ;
; Iteration limit for constant Verilog loops                                 ; 5000               ; 5000               ;
; Iteration limit for non-constant Verilog loops                             ; 250                ; 250                ;
; Add Pass-Through Logic to Inferred RAMs                                    ; On                 ; On                 ;
; Parallel Synthesis                                                         ; On                 ; On                 ;
; DSP Block Balancing                                                        ; Auto               ; Auto               ;
; NOT Gate Push-Back                                                         ; On                 ; On                 ;
; Power-Up Don't Care                                                        ; On                 ; On                 ;
; Remove Redundant Logic Cells                                               ; Off                ; Off                ;
; Remove Duplicate Registers                                                 ; On                 ; On                 ;
; Ignore CARRY Buffers                                                       ; Off                ; Off                ;
; Ignore CASCADE Buffers                                                     ; Off                ; Off                ;
; Ignore GLOBAL Buffers                                                      ; Off                ; Off                ;
; Ignore ROW GLOBAL Buffers                                                  ; Off                ; Off                ;
; Ignore LCELL Buffers                                                       ; Off                ; Off                ;
; Ignore SOFT Buffers                                                        ; On                 ; On                 ;
; Limit AHDL Integers to 32 Bits                                             ; Off                ; Off                ;
; Optimization Technique                                                     ; Balanced           ; Balanced           ;
; Carry Chain Length                                                         ; 70                 ; 70                 ;
; Auto Carry Chains                                                          ; On                 ; On                 ;
; Auto Open-Drain Pins                                                       ; On                 ; On                 ;
; Perform WYSIWYG Primitive Resynthesis                                      ; Off                ; Off                ;
; Auto ROM Replacement                                                       ; On                 ; On                 ;
; Auto RAM Replacement                                                       ; On                 ; On                 ;
; Auto DSP Block Replacement                                                 ; On                 ; On                 ;
; Auto Shift Register Replacement                                            ; Auto               ; Auto               ;
; Auto Clock Enable Replacement                                              ; On                 ; On                 ;
; Strict RAM Replacement                                                     ; Off                ; Off                ;
; Allow Synchronous Control Signals                                          ; On                 ; On                 ;
; Force Use of Synchronous Clear Signals                                     ; Off                ; Off                ;
; Auto RAM Block Balancing                                                   ; On                 ; On                 ;
; Auto RAM to Logic Cell Conversion                                          ; Off                ; Off                ;
; Auto Resource Sharing                                                      ; Off                ; Off                ;
; Allow Any RAM Size For Recognition                                         ; Off                ; Off                ;
; Allow Any ROM Size For Recognition                                         ; Off                ; Off                ;
; Allow Any Shift Register Size For Recognition                              ; Off                ; Off                ;
; Use LogicLock Constraints during Resource Balancing                        ; On                 ; On                 ;
; Ignore translate_off and synthesis_off directives                          ; Off                ; Off                ;
; Timing-Driven Synthesis                                                    ; Off                ; Off                ;
; Show Parameter Settings Tables in Synthesis Report                         ; On                 ; On                 ;
; Ignore Maximum Fan-Out Assignments                                         ; Off                ; Off                ;
; Synchronization Register Chain Length                                      ; 2                  ; 2                  ;
; PowerPlay Power Optimization                                               ; Normal compilation ; Normal compilation ;
; HDL message level                                                          ; Level2             ; Level2             ;
; Suppress Register Optimization Related Messages                            ; Off                ; Off                ;
; Number of Removed Registers Reported in Synthesis Report                   ; 5000               ; 5000               ;
; Number of Inverted Registers Reported in Synthesis Report                  ; 100                ; 100                ;
; Clock MUX Protection                                                       ; On                 ; On                 ;
; Auto Gated Clock Conversion                                                ; Off                ; Off                ;
; Block Design Naming                                                        ; Auto               ; Auto               ;
; SDC constraint protection                                                  ; Off                ; Off                ;
; Synthesis Effort                                                           ; Auto               ; Auto               ;
; Shift Register Replacement - Allow Asynchronous Clear Signal               ; On                 ; On                 ;
; Analysis & Synthesis Message Level                                         ; Medium             ; Medium             ;
; Disable Register Merging Across Hierarchies                                ; Auto               ; Auto               ;
; Resource Aware Inference For Block RAM                                     ; On                 ; On                 ;
+----------------------------------------------------------------------------+--------------------+--------------------+


Parallel compilation was disabled, but you have multiple processors available. Enable parallel compilation to reduce compilation time.
+-------------------------------------+
; Parallel Compilation                ;
+----------------------------+--------+
; Processors                 ; Number ;
+----------------------------+--------+
; Number detected on machine ; 2      ;
; Maximum allowed            ; 1      ;
+----------------------------+--------+


+------------------------------------------------------------------------------------------------------------------------------------------------------------------------------------------------------------------------------------------+
; Analysis & Synthesis Source Files Read                                                                                                                                                                                                   ;
+----------------------------------+-----------------+------------------------------+------------------------------------------------------------------------------------------------------------------------------------------------------+
; File Name with User-Entered Path ; Used in Netlist ; File Type                    ; File Name with Absolute Path                                                                                                                         ;
+----------------------------------+-----------------+------------------------------+------------------------------------------------------------------------------------------------------------------------------------------------------+
; converter_regstr.vhd             ; yes             ; User VHDL File               ; C:/Users/FOMSI/OneDrive/Рабочий стол/Учеба 2021 1-Семестр/Технологическое проектирование/Course_project/add_block_v4/add_block/converter_regstr.vhd  ;
; int_to_read_block.vhd            ; yes             ; User VHDL File               ; C:/Users/FOMSI/OneDrive/Рабочий стол/Учеба 2021 1-Семестр/Технологическое проектирование/Course_project/add_block_v4/add_block/int_to_read_block.vhd ;
; ram_block_v2.vhd                 ; yes             ; User VHDL File               ; C:/Users/FOMSI/OneDrive/Рабочий стол/Учеба 2021 1-Семестр/Технологическое проектирование/Course_project/add_block_v4/add_block/ram_block_v2.vhd      ;
; Fomin_convert_1.vhd              ; yes             ; User VHDL File               ; C:/Users/FOMSI/OneDrive/Рабочий стол/Учеба 2021 1-Семестр/Технологическое проектирование/Course_project/add_block_v4/add_block/Fomin_convert_1.vhd   ;
; math_block.vhd                   ; yes             ; User VHDL File               ; C:/Users/FOMSI/OneDrive/Рабочий стол/Учеба 2021 1-Семестр/Технологическое проектирование/Course_project/add_block_v4/add_block/math_block.vhd        ;
; add_block.vhd                    ; yes             ; User VHDL File               ; C:/Users/FOMSI/OneDrive/Рабочий стол/Учеба 2021 1-Семестр/Технологическое проектирование/Course_project/add_block_v4/add_block/add_block.vhd         ;
; lpm_mult.tdf                     ; yes             ; Megafunction                 ; d:/programs/quartus/quartus/libraries/megafunctions/lpm_mult.tdf                                                                                     ;
; db/mult_k2t.tdf                  ; yes             ; Auto-Generated Megafunction  ; C:/Users/FOMSI/OneDrive/Рабочий стол/Учеба 2021 1-Семестр/Технологическое проектирование/Course_project/add_block_v4/add_block/db/mult_k2t.tdf       ;
; db/mult_86t.tdf                  ; yes             ; Auto-Generated Megafunction  ; C:/Users/FOMSI/OneDrive/Рабочий стол/Учеба 2021 1-Семестр/Технологическое проектирование/Course_project/add_block_v4/add_block/db/mult_86t.tdf       ;
+----------------------------------+-----------------+------------------------------+------------------------------------------------------------------------------------------------------------------------------------------------------+


+-------------------------------------------------------+
; Analysis & Synthesis Resource Usage Summary           ;
+-----------------------------------------------+-------+
; Resource                                      ; Usage ;
+-----------------------------------------------+-------+
; Estimated ALUTs Used                          ; 703   ;
; Dedicated logic registers                     ; 642   ;
;                                               ;       ;
; Estimated ALUTs Unavailable                   ; 104   ;
;                                               ;       ;
; Total combinational functions                 ; 703   ;
; Combinational ALUT usage by number of inputs  ;       ;
;     -- 7 input functions                      ; 104   ;
;     -- 6 input functions                      ; 81    ;
;     -- 5 input functions                      ; 22    ;
;     -- 4 input functions                      ; 0     ;
;     -- <=3 input functions                    ; 496   ;
;                                               ;       ;
; Combinational ALUTs by mode                   ;       ;
;     -- normal mode                            ; 201   ;
;     -- extended LUT mode                      ; 104   ;
;     -- arithmetic mode                        ; 387   ;
;     -- shared arithmetic mode                 ; 11    ;
;                                               ;       ;
; Estimated ALUT/register pairs used            ; 1053  ;
;                                               ;       ;
; Total registers                               ; 642   ;
;     -- Dedicated logic registers              ; 642   ;
;     -- I/O registers                          ; 0     ;
;                                               ;       ;
; Estimated ALMs:  partially or completely used ; 527   ;
;                                               ;       ;
; I/O pins                                      ; 184   ;
; DSP block 9-bit elements                      ; 80    ;
; Maximum fan-out node                          ; clk   ;
; Maximum fan-out                               ; 586   ;
; Total fan-out                                 ; 5493  ;
; Average fan-out                               ; 3.48  ;
+-----------------------------------------------+-------+


+--------------------------------------------------------------------------------------------------------------------------------------------------------------------------------------------------------------------------------------------------------+
; Analysis & Synthesis Resource Utilization by Entity                                                                                                                                                                                                    ;
+------------------------------------+-------------------+--------------+-------------------+--------------+---------+-----------+-----------+------+--------------+----------------------------------------------------------------------+--------------+
; Compilation Hierarchy Node         ; LC Combinationals ; LC Registers ; Block Memory Bits ; DSP Elements ; DSP 9x9 ; DSP 18x18 ; DSP 36x36 ; Pins ; Virtual Pins ; Full Hierarchy Name                                                  ; Library Name ;
+------------------------------------+-------------------+--------------+-------------------+--------------+---------+-----------+-----------+------+--------------+----------------------------------------------------------------------+--------------+
; |add_block                         ; 703 (0)           ; 642 (0)      ; 0                 ; 80           ; 0       ; 0         ; 10        ; 184  ; 0            ; |add_block                                                           ; work         ;
;    |Fomin_convert_1:t1|            ; 82 (82)           ; 84 (84)      ; 0                 ; 8            ; 0       ; 0         ; 1         ; 0    ; 0            ; |add_block|Fomin_convert_1:t1                                        ;              ;
;       |lpm_mult:Mult0|             ; 0 (0)             ; 0 (0)        ; 0                 ; 8            ; 0       ; 0         ; 1         ; 0    ; 0            ; |add_block|Fomin_convert_1:t1|lpm_mult:Mult0                         ;              ;
;          |mult_k2t:auto_generated| ; 0 (0)             ; 0 (0)        ; 0                 ; 8            ; 0       ; 0         ; 1         ; 0    ; 0            ; |add_block|Fomin_convert_1:t1|lpm_mult:Mult0|mult_k2t:auto_generated ;              ;
;    |converter_regstr:t5|           ; 1 (1)             ; 33 (33)      ; 0                 ; 0            ; 0       ; 0         ; 0         ; 0    ; 0            ; |add_block|converter_regstr:t5                                       ; work         ;
;    |int_to_read_block:t3|          ; 54 (54)           ; 57 (57)      ; 0                 ; 0            ; 0       ; 0         ; 0         ; 0    ; 0            ; |add_block|int_to_read_block:t3                                      ; work         ;
;    |math_block:t2|                 ; 413 (413)         ; 0 (0)        ; 0                 ; 72           ; 0       ; 0         ; 9         ; 0    ; 0            ; |add_block|math_block:t2                                             ;              ;
;       |lpm_mult:Mult0|             ; 0 (0)             ; 0 (0)        ; 0                 ; 8            ; 0       ; 0         ; 1         ; 0    ; 0            ; |add_block|math_block:t2|lpm_mult:Mult0                              ;              ;
;          |mult_k2t:auto_generated| ; 0 (0)             ; 0 (0)        ; 0                 ; 8            ; 0       ; 0         ; 1         ; 0    ; 0            ; |add_block|math_block:t2|lpm_mult:Mult0|mult_k2t:auto_generated      ;              ;
;       |lpm_mult:Mult1|             ; 0 (0)             ; 0 (0)        ; 0                 ; 8            ; 0       ; 0         ; 1         ; 0    ; 0            ; |add_block|math_block:t2|lpm_mult:Mult1                              ;              ;
;          |mult_k2t:auto_generated| ; 0 (0)             ; 0 (0)        ; 0                 ; 8            ; 0       ; 0         ; 1         ; 0    ; 0            ; |add_block|math_block:t2|lpm_mult:Mult1|mult_k2t:auto_generated      ;              ;
;       |lpm_mult:Mult2|             ; 0 (0)             ; 0 (0)        ; 0                 ; 8            ; 0       ; 0         ; 1         ; 0    ; 0            ; |add_block|math_block:t2|lpm_mult:Mult2                              ;              ;
;          |mult_k2t:auto_generated| ; 0 (0)             ; 0 (0)        ; 0                 ; 8            ; 0       ; 0         ; 1         ; 0    ; 0            ; |add_block|math_block:t2|lpm_mult:Mult2|mult_k2t:auto_generated      ;              ;
;       |lpm_mult:Mult3|             ; 0 (0)             ; 0 (0)        ; 0                 ; 8            ; 0       ; 0         ; 1         ; 0    ; 0            ; |add_block|math_block:t2|lpm_mult:Mult3                              ;              ;
;          |mult_k2t:auto_generated| ; 0 (0)             ; 0 (0)        ; 0                 ; 8            ; 0       ; 0         ; 1         ; 0    ; 0            ; |add_block|math_block:t2|lpm_mult:Mult3|mult_k2t:auto_generated      ;              ;
;       |lpm_mult:Mult4|             ; 0 (0)             ; 0 (0)        ; 0                 ; 8            ; 0       ; 0         ; 1         ; 0    ; 0            ; |add_block|math_block:t2|lpm_mult:Mult4                              ;              ;
;          |mult_k2t:auto_generated| ; 0 (0)             ; 0 (0)        ; 0                 ; 8            ; 0       ; 0         ; 1         ; 0    ; 0            ; |add_block|math_block:t2|lpm_mult:Mult4|mult_k2t:auto_generated      ;              ;
;       |lpm_mult:Mult5|             ; 0 (0)             ; 0 (0)        ; 0                 ; 8            ; 0       ; 0         ; 1         ; 0    ; 0            ; |add_block|math_block:t2|lpm_mult:Mult5                              ;              ;
;          |mult_k2t:auto_generated| ; 0 (0)             ; 0 (0)        ; 0                 ; 8            ; 0       ; 0         ; 1         ; 0    ; 0            ; |add_block|math_block:t2|lpm_mult:Mult5|mult_k2t:auto_generated      ;              ;
;       |lpm_mult:Mult6|             ; 0 (0)             ; 0 (0)        ; 0                 ; 8            ; 0       ; 0         ; 1         ; 0    ; 0            ; |add_block|math_block:t2|lpm_mult:Mult6                              ;              ;
;          |mult_k2t:auto_generated| ; 0 (0)             ; 0 (0)        ; 0                 ; 8            ; 0       ; 0         ; 1         ; 0    ; 0            ; |add_block|math_block:t2|lpm_mult:Mult6|mult_k2t:auto_generated      ;              ;
;       |lpm_mult:Mult7|             ; 0 (0)             ; 0 (0)        ; 0                 ; 8            ; 0       ; 0         ; 1         ; 0    ; 0            ; |add_block|math_block:t2|lpm_mult:Mult7                              ;              ;
;          |mult_k2t:auto_generated| ; 0 (0)             ; 0 (0)        ; 0                 ; 8            ; 0       ; 0         ; 1         ; 0    ; 0            ; |add_block|math_block:t2|lpm_mult:Mult7|mult_k2t:auto_generated      ;              ;
;       |lpm_mult:Mult8|             ; 0 (0)             ; 0 (0)        ; 0                 ; 8            ; 0       ; 0         ; 1         ; 0    ; 0            ; |add_block|math_block:t2|lpm_mult:Mult8                              ;              ;
;          |mult_86t:auto_generated| ; 0 (0)             ; 0 (0)        ; 0                 ; 8            ; 0       ; 0         ; 1         ; 0    ; 0            ; |add_block|math_block:t2|lpm_mult:Mult8|mult_86t:auto_generated      ;              ;
;    |ram_block_v2:t4|               ; 153 (153)         ; 468 (468)    ; 0                 ; 0            ; 0       ; 0         ; 0         ; 0    ; 0            ; |add_block|ram_block_v2:t4                                           ; work         ;
+------------------------------------+-------------------+--------------+-------------------+--------------+---------+-----------+-----------+------+--------------+----------------------------------------------------------------------+--------------+
Note: For table entries with two numbers listed, the numbers in parentheses indicate the number of resources of the given type used by the specific entity alone. The numbers listed outside of parentheses indicate the total resources of the given type used by the specific entity and all of its sub-entities in the hierarchy.


+------------------------------------------------+
; Analysis & Synthesis DSP Block Usage Summary   ;
+----------------------------------+-------------+
; Statistic                        ; Number Used ;
+----------------------------------+-------------+
; Simple Multipliers (9-bit)       ; 0           ;
; Simple Multipliers (18-bit)      ; 0           ;
; Simple Multipliers (36-bit)      ; 10          ;
; Multiply Accumulators (18-bit)   ; 0           ;
; Two-Multipliers Adders (9-bit)   ; 0           ;
; Two-Multipliers Adders (18-bit)  ; 0           ;
; Four-Multipliers Adders (9-bit)  ; 0           ;
; Four-Multipliers Adders (18-bit) ; 0           ;
; Dynamic DSP Blocks               ; 0           ;
; DSP Blocks                       ; --          ;
; DSP Block 9-bit Elements         ; 80          ;
; Signed Multipliers               ; 10          ;
; Unsigned Multipliers             ; 0           ;
; Mixed Sign Multipliers           ; 0           ;
; Variable Sign Multipliers        ; 0           ;
; Dedicated Shift Register Chains  ; 0           ;
+----------------------------------+-------------+
Note: number of DSP Blocks used is only available after a successful fit.


+---------------------------------------------------------------------------------+
; Registers Removed During Synthesis                                              ;
+----------------------------------------+----------------------------------------+
; Register name                          ; Reason for Removal                     ;
+----------------------------------------+----------------------------------------+
; Fomin_convert_1:t1|z[9..30]            ; Stuck at GND due to stuck port data_in ;
; Fomin_convert_1:t1|m[20..30]           ; Stuck at GND due to stuck port data_in ;
; ram_block_v2:t4|data[5..10]            ; Stuck at GND due to stuck port data_in ;
; Fomin_convert_1:t1|m[31]               ; Merged with Fomin_convert_1:t1|z[31]   ;
; Total Number of Removed Registers = 40 ;                                        ;
+----------------------------------------+----------------------------------------+


+------------------------------------------------------+
; General Register Statistics                          ;
+----------------------------------------------+-------+
; Statistic                                    ; Value ;
+----------------------------------------------+-------+
; Total registers                              ; 642   ;
; Number of registers using Synchronous Clear  ; 26    ;
; Number of registers using Synchronous Load   ; 0     ;
; Number of registers using Asynchronous Clear ; 109   ;
; Number of registers using Asynchronous Load  ; 65    ;
; Number of registers using Clock Enable       ; 468   ;
; Number of registers using Preset             ; 0     ;
+----------------------------------------------+-------+


+---------------------------------------------------+
; Inverted Register Statistics                      ;
+-----------------------------------------+---------+
; Inverted Register                       ; Fan out ;
+-----------------------------------------+---------+
; Fomin_convert_1:t1|x1[0]                ; 43      ;
; Fomin_convert_1:t1|x1[31]               ; 21      ;
; Fomin_convert_1:t1|p1[9]                ; 10      ;
; Fomin_convert_1:t1|p1[8]                ; 2       ;
; Fomin_convert_1:t1|p1[7]                ; 2       ;
; Fomin_convert_1:t1|p1[6]                ; 2       ;
; Fomin_convert_1:t1|p1[5]                ; 2       ;
; Fomin_convert_1:t1|p1[4]                ; 2       ;
; Fomin_convert_1:t1|p1[3]                ; 2       ;
; Fomin_convert_1:t1|p1[2]                ; 9       ;
; Fomin_convert_1:t1|p1[1]                ; 9       ;
; Fomin_convert_1:t1|p1[0]                ; 9       ;
; int_to_read_block:t3|count_t[0]         ; 5       ;
; int_to_read_block:t3|count_t[31]        ; 5       ;
; Fomin_convert_1:t1|m[0]                 ; 2       ;
; Fomin_convert_1:t1|z[0]                 ; 2       ;
; Fomin_convert_1:t1|z[31]                ; 4       ;
; Total number of inverted registers = 17 ;         ;
+-----------------------------------------+---------+


+---------------------------------------------------------------------------------------------------------------------------------------------------+
; Multiplexer Restructuring Statistics (Restructuring Performed)                                                                                    ;
+--------------------+-----------+---------------+----------------------+------------------------+------------+-------------------------------------+
; Multiplexer Inputs ; Bus Width ; Baseline Area ; Area if Restructured ; Saving if Restructured ; Registered ; Example Multiplexer Output          ;
+--------------------+-----------+---------------+----------------------+------------------------+------------+-------------------------------------+
; 3:1                ; 7 bits    ; 14 ALUTs      ; 14 ALUTs             ; 0 ALUTs                ; Yes        ; |add_block|Fomin_convert_1:t1|z[2]  ;
; 4:1                ; 32 bits   ; 64 ALUTs      ; 64 ALUTs             ; 0 ALUTs                ; No         ; |add_block|math_block:t2|Selector23 ;
+--------------------+-----------+---------------+----------------------+------------------------+------------+-------------------------------------+


+-----------------------------------------------------------------------------------+
; Parameter Settings for Inferred Entity Instance: math_block:t2|lpm_mult:Mult0     ;
+------------------------------------------------+------------+---------------------+
; Parameter Name                                 ; Value      ; Type                ;
+------------------------------------------------+------------+---------------------+
; AUTO_CARRY_CHAINS                              ; ON         ; AUTO_CARRY          ;
; IGNORE_CARRY_BUFFERS                           ; OFF        ; IGNORE_CARRY        ;
; AUTO_CASCADE_CHAINS                            ; ON         ; AUTO_CASCADE        ;
; IGNORE_CASCADE_BUFFERS                         ; OFF        ; IGNORE_CASCADE      ;
; LPM_WIDTHA                                     ; 32         ; Untyped             ;
; LPM_WIDTHB                                     ; 32         ; Untyped             ;
; LPM_WIDTHP                                     ; 64         ; Untyped             ;
; LPM_WIDTHR                                     ; 64         ; Untyped             ;
; LPM_WIDTHS                                     ; 1          ; Untyped             ;
; LPM_REPRESENTATION                             ; SIGNED     ; Untyped             ;
; LPM_PIPELINE                                   ; 0          ; Untyped             ;
; LATENCY                                        ; 0          ; Untyped             ;
; INPUT_A_IS_CONSTANT                            ; NO         ; Untyped             ;
; INPUT_B_IS_CONSTANT                            ; NO         ; Untyped             ;
; USE_EAB                                        ; OFF        ; Untyped             ;
; MAXIMIZE_SPEED                                 ; 5          ; Untyped             ;
; DEVICE_FAMILY                                  ; Stratix II ; Untyped             ;
; CARRY_CHAIN                                    ; MANUAL     ; Untyped             ;
; APEX20K_TECHNOLOGY_MAPPER                      ; LUT        ; TECH_MAPPER_APEX20K ;
; DEDICATED_MULTIPLIER_CIRCUITRY                 ; AUTO       ; Untyped             ;
; DEDICATED_MULTIPLIER_MIN_INPUT_WIDTH_FOR_AUTO  ; 0          ; Untyped             ;
; DEDICATED_MULTIPLIER_MIN_OUTPUT_WIDTH_FOR_AUTO ; 0          ; Untyped             ;
; CBXI_PARAMETER                                 ; mult_k2t   ; Untyped             ;
; INPUT_A_FIXED_VALUE                            ; Bx         ; Untyped             ;
; INPUT_B_FIXED_VALUE                            ; Bx         ; Untyped             ;
; USE_AHDL_IMPLEMENTATION                        ; OFF        ; Untyped             ;
+------------------------------------------------+------------+---------------------+
Note: In order to hide this table in the UI and the text report file, please set the "Show Parameter Settings Tables in Synthesis Report" option in "Analysis and Synthesis Settings -> More Settings" to "Off".


+-----------------------------------------------------------------------------------+
; Parameter Settings for Inferred Entity Instance: math_block:t2|lpm_mult:Mult1     ;
+------------------------------------------------+------------+---------------------+
; Parameter Name                                 ; Value      ; Type                ;
+------------------------------------------------+------------+---------------------+
; AUTO_CARRY_CHAINS                              ; ON         ; AUTO_CARRY          ;
; IGNORE_CARRY_BUFFERS                           ; OFF        ; IGNORE_CARRY        ;
; AUTO_CASCADE_CHAINS                            ; ON         ; AUTO_CASCADE        ;
; IGNORE_CASCADE_BUFFERS                         ; OFF        ; IGNORE_CASCADE      ;
; LPM_WIDTHA                                     ; 32         ; Untyped             ;
; LPM_WIDTHB                                     ; 32         ; Untyped             ;
; LPM_WIDTHP                                     ; 64         ; Untyped             ;
; LPM_WIDTHR                                     ; 64         ; Untyped             ;
; LPM_WIDTHS                                     ; 1          ; Untyped             ;
; LPM_REPRESENTATION                             ; SIGNED     ; Untyped             ;
; LPM_PIPELINE                                   ; 0          ; Untyped             ;
; LATENCY                                        ; 0          ; Untyped             ;
; INPUT_A_IS_CONSTANT                            ; NO         ; Untyped             ;
; INPUT_B_IS_CONSTANT                            ; NO         ; Untyped             ;
; USE_EAB                                        ; OFF        ; Untyped             ;
; MAXIMIZE_SPEED                                 ; 5          ; Untyped             ;
; DEVICE_FAMILY                                  ; Stratix II ; Untyped             ;
; CARRY_CHAIN                                    ; MANUAL     ; Untyped             ;
; APEX20K_TECHNOLOGY_MAPPER                      ; LUT        ; TECH_MAPPER_APEX20K ;
; DEDICATED_MULTIPLIER_CIRCUITRY                 ; AUTO       ; Untyped             ;
; DEDICATED_MULTIPLIER_MIN_INPUT_WIDTH_FOR_AUTO  ; 0          ; Untyped             ;
; DEDICATED_MULTIPLIER_MIN_OUTPUT_WIDTH_FOR_AUTO ; 0          ; Untyped             ;
; CBXI_PARAMETER                                 ; mult_k2t   ; Untyped             ;
; INPUT_A_FIXED_VALUE                            ; Bx         ; Untyped             ;
; INPUT_B_FIXED_VALUE                            ; Bx         ; Untyped             ;
; USE_AHDL_IMPLEMENTATION                        ; OFF        ; Untyped             ;
+------------------------------------------------+------------+---------------------+
Note: In order to hide this table in the UI and the text report file, please set the "Show Parameter Settings Tables in Synthesis Report" option in "Analysis and Synthesis Settings -> More Settings" to "Off".


+-----------------------------------------------------------------------------------+
; Parameter Settings for Inferred Entity Instance: math_block:t2|lpm_mult:Mult2     ;
+------------------------------------------------+------------+---------------------+
; Parameter Name                                 ; Value      ; Type                ;
+------------------------------------------------+------------+---------------------+
; AUTO_CARRY_CHAINS                              ; ON         ; AUTO_CARRY          ;
; IGNORE_CARRY_BUFFERS                           ; OFF        ; IGNORE_CARRY        ;
; AUTO_CASCADE_CHAINS                            ; ON         ; AUTO_CASCADE        ;
; IGNORE_CASCADE_BUFFERS                         ; OFF        ; IGNORE_CASCADE      ;
; LPM_WIDTHA                                     ; 32         ; Untyped             ;
; LPM_WIDTHB                                     ; 32         ; Untyped             ;
; LPM_WIDTHP                                     ; 64         ; Untyped             ;
; LPM_WIDTHR                                     ; 64         ; Untyped             ;
; LPM_WIDTHS                                     ; 1          ; Untyped             ;
; LPM_REPRESENTATION                             ; SIGNED     ; Untyped             ;
; LPM_PIPELINE                                   ; 0          ; Untyped             ;
; LATENCY                                        ; 0          ; Untyped             ;
; INPUT_A_IS_CONSTANT                            ; NO         ; Untyped             ;
; INPUT_B_IS_CONSTANT                            ; NO         ; Untyped             ;
; USE_EAB                                        ; OFF        ; Untyped             ;
; MAXIMIZE_SPEED                                 ; 5          ; Untyped             ;
; DEVICE_FAMILY                                  ; Stratix II ; Untyped             ;
; CARRY_CHAIN                                    ; MANUAL     ; Untyped             ;
; APEX20K_TECHNOLOGY_MAPPER                      ; LUT        ; TECH_MAPPER_APEX20K ;
; DEDICATED_MULTIPLIER_CIRCUITRY                 ; AUTO       ; Untyped             ;
; DEDICATED_MULTIPLIER_MIN_INPUT_WIDTH_FOR_AUTO  ; 0          ; Untyped             ;
; DEDICATED_MULTIPLIER_MIN_OUTPUT_WIDTH_FOR_AUTO ; 0          ; Untyped             ;
; CBXI_PARAMETER                                 ; mult_k2t   ; Untyped             ;
; INPUT_A_FIXED_VALUE                            ; Bx         ; Untyped             ;
; INPUT_B_FIXED_VALUE                            ; Bx         ; Untyped             ;
; USE_AHDL_IMPLEMENTATION                        ; OFF        ; Untyped             ;
+------------------------------------------------+------------+---------------------+
Note: In order to hide this table in the UI and the text report file, please set the "Show Parameter Settings Tables in Synthesis Report" option in "Analysis and Synthesis Settings -> More Settings" to "Off".


+-----------------------------------------------------------------------------------+
; Parameter Settings for Inferred Entity Instance: math_block:t2|lpm_mult:Mult3     ;
+------------------------------------------------+------------+---------------------+
; Parameter Name                                 ; Value      ; Type                ;
+------------------------------------------------+------------+---------------------+
; AUTO_CARRY_CHAINS                              ; ON         ; AUTO_CARRY          ;
; IGNORE_CARRY_BUFFERS                           ; OFF        ; IGNORE_CARRY        ;
; AUTO_CASCADE_CHAINS                            ; ON         ; AUTO_CASCADE        ;
; IGNORE_CASCADE_BUFFERS                         ; OFF        ; IGNORE_CASCADE      ;
; LPM_WIDTHA                                     ; 32         ; Untyped             ;
; LPM_WIDTHB                                     ; 32         ; Untyped             ;
; LPM_WIDTHP                                     ; 64         ; Untyped             ;
; LPM_WIDTHR                                     ; 64         ; Untyped             ;
; LPM_WIDTHS                                     ; 1          ; Untyped             ;
; LPM_REPRESENTATION                             ; SIGNED     ; Untyped             ;
; LPM_PIPELINE                                   ; 0          ; Untyped             ;
; LATENCY                                        ; 0          ; Untyped             ;
; INPUT_A_IS_CONSTANT                            ; NO         ; Untyped             ;
; INPUT_B_IS_CONSTANT                            ; NO         ; Untyped             ;
; USE_EAB                                        ; OFF        ; Untyped             ;
; MAXIMIZE_SPEED                                 ; 5          ; Untyped             ;
; DEVICE_FAMILY                                  ; Stratix II ; Untyped             ;
; CARRY_CHAIN                                    ; MANUAL     ; Untyped             ;
; APEX20K_TECHNOLOGY_MAPPER                      ; LUT        ; TECH_MAPPER_APEX20K ;
; DEDICATED_MULTIPLIER_CIRCUITRY                 ; AUTO       ; Untyped             ;
; DEDICATED_MULTIPLIER_MIN_INPUT_WIDTH_FOR_AUTO  ; 0          ; Untyped             ;
; DEDICATED_MULTIPLIER_MIN_OUTPUT_WIDTH_FOR_AUTO ; 0          ; Untyped             ;
; CBXI_PARAMETER                                 ; mult_k2t   ; Untyped             ;
; INPUT_A_FIXED_VALUE                            ; Bx         ; Untyped             ;
; INPUT_B_FIXED_VALUE                            ; Bx         ; Untyped             ;
; USE_AHDL_IMPLEMENTATION                        ; OFF        ; Untyped             ;
+------------------------------------------------+------------+---------------------+
Note: In order to hide this table in the UI and the text report file, please set the "Show Parameter Settings Tables in Synthesis Report" option in "Analysis and Synthesis Settings -> More Settings" to "Off".


+-----------------------------------------------------------------------------------+
; Parameter Settings for Inferred Entity Instance: math_block:t2|lpm_mult:Mult4     ;
+------------------------------------------------+------------+---------------------+
; Parameter Name                                 ; Value      ; Type                ;
+------------------------------------------------+------------+---------------------+
; AUTO_CARRY_CHAINS                              ; ON         ; AUTO_CARRY          ;
; IGNORE_CARRY_BUFFERS                           ; OFF        ; IGNORE_CARRY        ;
; AUTO_CASCADE_CHAINS                            ; ON         ; AUTO_CASCADE        ;
; IGNORE_CASCADE_BUFFERS                         ; OFF        ; IGNORE_CASCADE      ;
; LPM_WIDTHA                                     ; 32         ; Untyped             ;
; LPM_WIDTHB                                     ; 32         ; Untyped             ;
; LPM_WIDTHP                                     ; 64         ; Untyped             ;
; LPM_WIDTHR                                     ; 64         ; Untyped             ;
; LPM_WIDTHS                                     ; 1          ; Untyped             ;
; LPM_REPRESENTATION                             ; SIGNED     ; Untyped             ;
; LPM_PIPELINE                                   ; 0          ; Untyped             ;
; LATENCY                                        ; 0          ; Untyped             ;
; INPUT_A_IS_CONSTANT                            ; NO         ; Untyped             ;
; INPUT_B_IS_CONSTANT                            ; NO         ; Untyped             ;
; USE_EAB                                        ; OFF        ; Untyped             ;
; MAXIMIZE_SPEED                                 ; 5          ; Untyped             ;
; DEVICE_FAMILY                                  ; Stratix II ; Untyped             ;
; CARRY_CHAIN                                    ; MANUAL     ; Untyped             ;
; APEX20K_TECHNOLOGY_MAPPER                      ; LUT        ; TECH_MAPPER_APEX20K ;
; DEDICATED_MULTIPLIER_CIRCUITRY                 ; AUTO       ; Untyped             ;
; DEDICATED_MULTIPLIER_MIN_INPUT_WIDTH_FOR_AUTO  ; 0          ; Untyped             ;
; DEDICATED_MULTIPLIER_MIN_OUTPUT_WIDTH_FOR_AUTO ; 0          ; Untyped             ;
; CBXI_PARAMETER                                 ; mult_k2t   ; Untyped             ;
; INPUT_A_FIXED_VALUE                            ; Bx         ; Untyped             ;
; INPUT_B_FIXED_VALUE                            ; Bx         ; Untyped             ;
; USE_AHDL_IMPLEMENTATION                        ; OFF        ; Untyped             ;
+------------------------------------------------+------------+---------------------+
Note: In order to hide this table in the UI and the text report file, please set the "Show Parameter Settings Tables in Synthesis Report" option in "Analysis and Synthesis Settings -> More Settings" to "Off".


+-----------------------------------------------------------------------------------+
; Parameter Settings for Inferred Entity Instance: math_block:t2|lpm_mult:Mult5     ;
+------------------------------------------------+------------+---------------------+
; Parameter Name                                 ; Value      ; Type                ;
+------------------------------------------------+------------+---------------------+
; AUTO_CARRY_CHAINS                              ; ON         ; AUTO_CARRY          ;
; IGNORE_CARRY_BUFFERS                           ; OFF        ; IGNORE_CARRY        ;
; AUTO_CASCADE_CHAINS                            ; ON         ; AUTO_CASCADE        ;
; IGNORE_CASCADE_BUFFERS                         ; OFF        ; IGNORE_CASCADE      ;
; LPM_WIDTHA                                     ; 32         ; Untyped             ;
; LPM_WIDTHB                                     ; 32         ; Untyped             ;
; LPM_WIDTHP                                     ; 64         ; Untyped             ;
; LPM_WIDTHR                                     ; 64         ; Untyped             ;
; LPM_WIDTHS                                     ; 1          ; Untyped             ;
; LPM_REPRESENTATION                             ; SIGNED     ; Untyped             ;
; LPM_PIPELINE                                   ; 0          ; Untyped             ;
; LATENCY                                        ; 0          ; Untyped             ;
; INPUT_A_IS_CONSTANT                            ; NO         ; Untyped             ;
; INPUT_B_IS_CONSTANT                            ; NO         ; Untyped             ;
; USE_EAB                                        ; OFF        ; Untyped             ;
; MAXIMIZE_SPEED                                 ; 5          ; Untyped             ;
; DEVICE_FAMILY                                  ; Stratix II ; Untyped             ;
; CARRY_CHAIN                                    ; MANUAL     ; Untyped             ;
; APEX20K_TECHNOLOGY_MAPPER                      ; LUT        ; TECH_MAPPER_APEX20K ;
; DEDICATED_MULTIPLIER_CIRCUITRY                 ; AUTO       ; Untyped             ;
; DEDICATED_MULTIPLIER_MIN_INPUT_WIDTH_FOR_AUTO  ; 0          ; Untyped             ;
; DEDICATED_MULTIPLIER_MIN_OUTPUT_WIDTH_FOR_AUTO ; 0          ; Untyped             ;
; CBXI_PARAMETER                                 ; mult_k2t   ; Untyped             ;
; INPUT_A_FIXED_VALUE                            ; Bx         ; Untyped             ;
; INPUT_B_FIXED_VALUE                            ; Bx         ; Untyped             ;
; USE_AHDL_IMPLEMENTATION                        ; OFF        ; Untyped             ;
+------------------------------------------------+------------+---------------------+
Note: In order to hide this table in the UI and the text report file, please set the "Show Parameter Settings Tables in Synthesis Report" option in "Analysis and Synthesis Settings -> More Settings" to "Off".


+-----------------------------------------------------------------------------------+
; Parameter Settings for Inferred Entity Instance: math_block:t2|lpm_mult:Mult6     ;
+------------------------------------------------+------------+---------------------+
; Parameter Name                                 ; Value      ; Type                ;
+------------------------------------------------+------------+---------------------+
; AUTO_CARRY_CHAINS                              ; ON         ; AUTO_CARRY          ;
; IGNORE_CARRY_BUFFERS                           ; OFF        ; IGNORE_CARRY        ;
; AUTO_CASCADE_CHAINS                            ; ON         ; AUTO_CASCADE        ;
; IGNORE_CASCADE_BUFFERS                         ; OFF        ; IGNORE_CASCADE      ;
; LPM_WIDTHA                                     ; 32         ; Untyped             ;
; LPM_WIDTHB                                     ; 32         ; Untyped             ;
; LPM_WIDTHP                                     ; 64         ; Untyped             ;
; LPM_WIDTHR                                     ; 64         ; Untyped             ;
; LPM_WIDTHS                                     ; 1          ; Untyped             ;
; LPM_REPRESENTATION                             ; SIGNED     ; Untyped             ;
; LPM_PIPELINE                                   ; 0          ; Untyped             ;
; LATENCY                                        ; 0          ; Untyped             ;
; INPUT_A_IS_CONSTANT                            ; NO         ; Untyped             ;
; INPUT_B_IS_CONSTANT                            ; NO         ; Untyped             ;
; USE_EAB                                        ; OFF        ; Untyped             ;
; MAXIMIZE_SPEED                                 ; 5          ; Untyped             ;
; DEVICE_FAMILY                                  ; Stratix II ; Untyped             ;
; CARRY_CHAIN                                    ; MANUAL     ; Untyped             ;
; APEX20K_TECHNOLOGY_MAPPER                      ; LUT        ; TECH_MAPPER_APEX20K ;
; DEDICATED_MULTIPLIER_CIRCUITRY                 ; AUTO       ; Untyped             ;
; DEDICATED_MULTIPLIER_MIN_INPUT_WIDTH_FOR_AUTO  ; 0          ; Untyped             ;
; DEDICATED_MULTIPLIER_MIN_OUTPUT_WIDTH_FOR_AUTO ; 0          ; Untyped             ;
; CBXI_PARAMETER                                 ; mult_k2t   ; Untyped             ;
; INPUT_A_FIXED_VALUE                            ; Bx         ; Untyped             ;
; INPUT_B_FIXED_VALUE                            ; Bx         ; Untyped             ;
; USE_AHDL_IMPLEMENTATION                        ; OFF        ; Untyped             ;
+------------------------------------------------+------------+---------------------+
Note: In order to hide this table in the UI and the text report file, please set the "Show Parameter Settings Tables in Synthesis Report" option in "Analysis and Synthesis Settings -> More Settings" to "Off".


+-----------------------------------------------------------------------------------+
; Parameter Settings for Inferred Entity Instance: math_block:t2|lpm_mult:Mult7     ;
+------------------------------------------------+------------+---------------------+
; Parameter Name                                 ; Value      ; Type                ;
+------------------------------------------------+------------+---------------------+
; AUTO_CARRY_CHAINS                              ; ON         ; AUTO_CARRY          ;
; IGNORE_CARRY_BUFFERS                           ; OFF        ; IGNORE_CARRY        ;
; AUTO_CASCADE_CHAINS                            ; ON         ; AUTO_CASCADE        ;
; IGNORE_CASCADE_BUFFERS                         ; OFF        ; IGNORE_CASCADE      ;
; LPM_WIDTHA                                     ; 32         ; Untyped             ;
; LPM_WIDTHB                                     ; 32         ; Untyped             ;
; LPM_WIDTHP                                     ; 64         ; Untyped             ;
; LPM_WIDTHR                                     ; 64         ; Untyped             ;
; LPM_WIDTHS                                     ; 1          ; Untyped             ;
; LPM_REPRESENTATION                             ; SIGNED     ; Untyped             ;
; LPM_PIPELINE                                   ; 0          ; Untyped             ;
; LATENCY                                        ; 0          ; Untyped             ;
; INPUT_A_IS_CONSTANT                            ; NO         ; Untyped             ;
; INPUT_B_IS_CONSTANT                            ; NO         ; Untyped             ;
; USE_EAB                                        ; OFF        ; Untyped             ;
; MAXIMIZE_SPEED                                 ; 5          ; Untyped             ;
; DEVICE_FAMILY                                  ; Stratix II ; Untyped             ;
; CARRY_CHAIN                                    ; MANUAL     ; Untyped             ;
; APEX20K_TECHNOLOGY_MAPPER                      ; LUT        ; TECH_MAPPER_APEX20K ;
; DEDICATED_MULTIPLIER_CIRCUITRY                 ; AUTO       ; Untyped             ;
; DEDICATED_MULTIPLIER_MIN_INPUT_WIDTH_FOR_AUTO  ; 0          ; Untyped             ;
; DEDICATED_MULTIPLIER_MIN_OUTPUT_WIDTH_FOR_AUTO ; 0          ; Untyped             ;
; CBXI_PARAMETER                                 ; mult_k2t   ; Untyped             ;
; INPUT_A_FIXED_VALUE                            ; Bx         ; Untyped             ;
; INPUT_B_FIXED_VALUE                            ; Bx         ; Untyped             ;
; USE_AHDL_IMPLEMENTATION                        ; OFF        ; Untyped             ;
+------------------------------------------------+------------+---------------------+
Note: In order to hide this table in the UI and the text report file, please set the "Show Parameter Settings Tables in Synthesis Report" option in "Analysis and Synthesis Settings -> More Settings" to "Off".


+-----------------------------------------------------------------------------------+
; Parameter Settings for Inferred Entity Instance: math_block:t2|lpm_mult:Mult8     ;
+------------------------------------------------+------------+---------------------+
; Parameter Name                                 ; Value      ; Type                ;
+------------------------------------------------+------------+---------------------+
; AUTO_CARRY_CHAINS                              ; ON         ; AUTO_CARRY          ;
; IGNORE_CARRY_BUFFERS                           ; OFF        ; IGNORE_CARRY        ;
; AUTO_CASCADE_CHAINS                            ; ON         ; AUTO_CASCADE        ;
; IGNORE_CASCADE_BUFFERS                         ; OFF        ; IGNORE_CASCADE      ;
; LPM_WIDTHA                                     ; 32         ; Untyped             ;
; LPM_WIDTHB                                     ; 14         ; Untyped             ;
; LPM_WIDTHP                                     ; 46         ; Untyped             ;
; LPM_WIDTHR                                     ; 46         ; Untyped             ;
; LPM_WIDTHS                                     ; 1          ; Untyped             ;
; LPM_REPRESENTATION                             ; SIGNED     ; Untyped             ;
; LPM_PIPELINE                                   ; 0          ; Untyped             ;
; LATENCY                                        ; 0          ; Untyped             ;
; INPUT_A_IS_CONSTANT                            ; NO         ; Untyped             ;
; INPUT_B_IS_CONSTANT                            ; YES        ; Untyped             ;
; USE_EAB                                        ; OFF        ; Untyped             ;
; MAXIMIZE_SPEED                                 ; 5          ; Untyped             ;
; DEVICE_FAMILY                                  ; Stratix II ; Untyped             ;
; CARRY_CHAIN                                    ; MANUAL     ; Untyped             ;
; APEX20K_TECHNOLOGY_MAPPER                      ; LUT        ; TECH_MAPPER_APEX20K ;
; DEDICATED_MULTIPLIER_CIRCUITRY                 ; AUTO       ; Untyped             ;
; DEDICATED_MULTIPLIER_MIN_INPUT_WIDTH_FOR_AUTO  ; 0          ; Untyped             ;
; DEDICATED_MULTIPLIER_MIN_OUTPUT_WIDTH_FOR_AUTO ; 0          ; Untyped             ;
; CBXI_PARAMETER                                 ; mult_86t   ; Untyped             ;
; INPUT_A_FIXED_VALUE                            ; Bx         ; Untyped             ;
; INPUT_B_FIXED_VALUE                            ; Bx         ; Untyped             ;
; USE_AHDL_IMPLEMENTATION                        ; OFF        ; Untyped             ;
+------------------------------------------------+------------+---------------------+
Note: In order to hide this table in the UI and the text report file, please set the "Show Parameter Settings Tables in Synthesis Report" option in "Analysis and Synthesis Settings -> More Settings" to "Off".


+------------------------------------------------------------------------------------+
; Parameter Settings for Inferred Entity Instance: Fomin_convert_1:t1|lpm_mult:Mult0 ;
+------------------------------------------------+------------+----------------------+
; Parameter Name                                 ; Value      ; Type                 ;
+------------------------------------------------+------------+----------------------+
; AUTO_CARRY_CHAINS                              ; ON         ; AUTO_CARRY           ;
; IGNORE_CARRY_BUFFERS                           ; OFF        ; IGNORE_CARRY         ;
; AUTO_CASCADE_CHAINS                            ; ON         ; AUTO_CASCADE         ;
; IGNORE_CASCADE_BUFFERS                         ; OFF        ; IGNORE_CASCADE       ;
; LPM_WIDTHA                                     ; 32         ; Untyped              ;
; LPM_WIDTHB                                     ; 32         ; Untyped              ;
; LPM_WIDTHP                                     ; 64         ; Untyped              ;
; LPM_WIDTHR                                     ; 64         ; Untyped              ;
; LPM_WIDTHS                                     ; 1          ; Untyped              ;
; LPM_REPRESENTATION                             ; SIGNED     ; Untyped              ;
; LPM_PIPELINE                                   ; 0          ; Untyped              ;
; LATENCY                                        ; 0          ; Untyped              ;
; INPUT_A_IS_CONSTANT                            ; NO         ; Untyped              ;
; INPUT_B_IS_CONSTANT                            ; NO         ; Untyped              ;
; USE_EAB                                        ; OFF        ; Untyped              ;
; MAXIMIZE_SPEED                                 ; 5          ; Untyped              ;
; DEVICE_FAMILY                                  ; Stratix II ; Untyped              ;
; CARRY_CHAIN                                    ; MANUAL     ; Untyped              ;
; APEX20K_TECHNOLOGY_MAPPER                      ; LUT        ; TECH_MAPPER_APEX20K  ;
; DEDICATED_MULTIPLIER_CIRCUITRY                 ; AUTO       ; Untyped              ;
; DEDICATED_MULTIPLIER_MIN_INPUT_WIDTH_FOR_AUTO  ; 0          ; Untyped              ;
; DEDICATED_MULTIPLIER_MIN_OUTPUT_WIDTH_FOR_AUTO ; 0          ; Untyped              ;
; CBXI_PARAMETER                                 ; mult_k2t   ; Untyped              ;
; INPUT_A_FIXED_VALUE                            ; Bx         ; Untyped              ;
; INPUT_B_FIXED_VALUE                            ; Bx         ; Untyped              ;
; USE_AHDL_IMPLEMENTATION                        ; OFF        ; Untyped              ;
+------------------------------------------------+------------+----------------------+
Note: In order to hide this table in the UI and the text report file, please set the "Show Parameter Settings Tables in Synthesis Report" option in "Analysis and Synthesis Settings -> More Settings" to "Off".


+---------------------------------------------------------------------------+
; lpm_mult Parameter Settings by Entity Instance                            ;
+---------------------------------------+-----------------------------------+
; Name                                  ; Value                             ;
+---------------------------------------+-----------------------------------+
; Number of entity instances            ; 10                                ;
; Entity Instance                       ; math_block:t2|lpm_mult:Mult0      ;
;     -- LPM_WIDTHA                     ; 32                                ;
;     -- LPM_WIDTHB                     ; 32                                ;
;     -- LPM_WIDTHP                     ; 64                                ;
;     -- LPM_REPRESENTATION             ; SIGNED                            ;
;     -- INPUT_A_IS_CONSTANT            ; NO                                ;
;     -- INPUT_B_IS_CONSTANT            ; NO                                ;
;     -- USE_EAB                        ; OFF                               ;
;     -- DEDICATED_MULTIPLIER_CIRCUITRY ; AUTO                              ;
;     -- INPUT_A_FIXED_VALUE            ; Bx                                ;
;     -- INPUT_B_FIXED_VALUE            ; Bx                                ;
; Entity Instance                       ; math_block:t2|lpm_mult:Mult1      ;
;     -- LPM_WIDTHA                     ; 32                                ;
;     -- LPM_WIDTHB                     ; 32                                ;
;     -- LPM_WIDTHP                     ; 64                                ;
;     -- LPM_REPRESENTATION             ; SIGNED                            ;
;     -- INPUT_A_IS_CONSTANT            ; NO                                ;
;     -- INPUT_B_IS_CONSTANT            ; NO                                ;
;     -- USE_EAB                        ; OFF                               ;
;     -- DEDICATED_MULTIPLIER_CIRCUITRY ; AUTO                              ;
;     -- INPUT_A_FIXED_VALUE            ; Bx                                ;
;     -- INPUT_B_FIXED_VALUE            ; Bx                                ;
; Entity Instance                       ; math_block:t2|lpm_mult:Mult2      ;
;     -- LPM_WIDTHA                     ; 32                                ;
;     -- LPM_WIDTHB                     ; 32                                ;
;     -- LPM_WIDTHP                     ; 64                                ;
;     -- LPM_REPRESENTATION             ; SIGNED                            ;
;     -- INPUT_A_IS_CONSTANT            ; NO                                ;
;     -- INPUT_B_IS_CONSTANT            ; NO                                ;
;     -- USE_EAB                        ; OFF                               ;
;     -- DEDICATED_MULTIPLIER_CIRCUITRY ; AUTO                              ;
;     -- INPUT_A_FIXED_VALUE            ; Bx                                ;
;     -- INPUT_B_FIXED_VALUE            ; Bx                                ;
; Entity Instance                       ; math_block:t2|lpm_mult:Mult3      ;
;     -- LPM_WIDTHA                     ; 32                                ;
;     -- LPM_WIDTHB                     ; 32                                ;
;     -- LPM_WIDTHP                     ; 64                                ;
;     -- LPM_REPRESENTATION             ; SIGNED                            ;
;     -- INPUT_A_IS_CONSTANT            ; NO                                ;
;     -- INPUT_B_IS_CONSTANT            ; NO                                ;
;     -- USE_EAB                        ; OFF                               ;
;     -- DEDICATED_MULTIPLIER_CIRCUITRY ; AUTO                              ;
;     -- INPUT_A_FIXED_VALUE            ; Bx                                ;
;     -- INPUT_B_FIXED_VALUE            ; Bx                                ;
; Entity Instance                       ; math_block:t2|lpm_mult:Mult4      ;
;     -- LPM_WIDTHA                     ; 32                                ;
;     -- LPM_WIDTHB                     ; 32                                ;
;     -- LPM_WIDTHP                     ; 64                                ;
;     -- LPM_REPRESENTATION             ; SIGNED                            ;
;     -- INPUT_A_IS_CONSTANT            ; NO                                ;
;     -- INPUT_B_IS_CONSTANT            ; NO                                ;
;     -- USE_EAB                        ; OFF                               ;
;     -- DEDICATED_MULTIPLIER_CIRCUITRY ; AUTO                              ;
;     -- INPUT_A_FIXED_VALUE            ; Bx                                ;
;     -- INPUT_B_FIXED_VALUE            ; Bx                                ;
; Entity Instance                       ; math_block:t2|lpm_mult:Mult5      ;
;     -- LPM_WIDTHA                     ; 32                                ;
;     -- LPM_WIDTHB                     ; 32                                ;
;     -- LPM_WIDTHP                     ; 64                                ;
;     -- LPM_REPRESENTATION             ; SIGNED                            ;
;     -- INPUT_A_IS_CONSTANT            ; NO                                ;
;     -- INPUT_B_IS_CONSTANT            ; NO                                ;
;     -- USE_EAB                        ; OFF                               ;
;     -- DEDICATED_MULTIPLIER_CIRCUITRY ; AUTO                              ;
;     -- INPUT_A_FIXED_VALUE            ; Bx                                ;
;     -- INPUT_B_FIXED_VALUE            ; Bx                                ;
; Entity Instance                       ; math_block:t2|lpm_mult:Mult6      ;
;     -- LPM_WIDTHA                     ; 32                                ;
;     -- LPM_WIDTHB                     ; 32                                ;
;     -- LPM_WIDTHP                     ; 64                                ;
;     -- LPM_REPRESENTATION             ; SIGNED                            ;
;     -- INPUT_A_IS_CONSTANT            ; NO                                ;
;     -- INPUT_B_IS_CONSTANT            ; NO                                ;
;     -- USE_EAB                        ; OFF                               ;
;     -- DEDICATED_MULTIPLIER_CIRCUITRY ; AUTO                              ;
;     -- INPUT_A_FIXED_VALUE            ; Bx                                ;
;     -- INPUT_B_FIXED_VALUE            ; Bx                                ;
; Entity Instance                       ; math_block:t2|lpm_mult:Mult7      ;
;     -- LPM_WIDTHA                     ; 32                                ;
;     -- LPM_WIDTHB                     ; 32                                ;
;     -- LPM_WIDTHP                     ; 64                                ;
;     -- LPM_REPRESENTATION             ; SIGNED                            ;
;     -- INPUT_A_IS_CONSTANT            ; NO                                ;
;     -- INPUT_B_IS_CONSTANT            ; NO                                ;
;     -- USE_EAB                        ; OFF                               ;
;     -- DEDICATED_MULTIPLIER_CIRCUITRY ; AUTO                              ;
;     -- INPUT_A_FIXED_VALUE            ; Bx                                ;
;     -- INPUT_B_FIXED_VALUE            ; Bx                                ;
; Entity Instance                       ; math_block:t2|lpm_mult:Mult8      ;
;     -- LPM_WIDTHA                     ; 32                                ;
;     -- LPM_WIDTHB                     ; 14                                ;
;     -- LPM_WIDTHP                     ; 46                                ;
;     -- LPM_REPRESENTATION             ; SIGNED                            ;
;     -- INPUT_A_IS_CONSTANT            ; NO                                ;
;     -- INPUT_B_IS_CONSTANT            ; YES                               ;
;     -- USE_EAB                        ; OFF                               ;
;     -- DEDICATED_MULTIPLIER_CIRCUITRY ; AUTO                              ;
;     -- INPUT_A_FIXED_VALUE            ; Bx                                ;
;     -- INPUT_B_FIXED_VALUE            ; Bx                                ;
; Entity Instance                       ; Fomin_convert_1:t1|lpm_mult:Mult0 ;
;     -- LPM_WIDTHA                     ; 32                                ;
;     -- LPM_WIDTHB                     ; 32                                ;
;     -- LPM_WIDTHP                     ; 64                                ;
;     -- LPM_REPRESENTATION             ; SIGNED                            ;
;     -- INPUT_A_IS_CONSTANT            ; NO                                ;
;     -- INPUT_B_IS_CONSTANT            ; NO                                ;
;     -- USE_EAB                        ; OFF                               ;
;     -- DEDICATED_MULTIPLIER_CIRCUITRY ; AUTO                              ;
;     -- INPUT_A_FIXED_VALUE            ; Bx                                ;
;     -- INPUT_B_FIXED_VALUE            ; Bx                                ;
+---------------------------------------+-----------------------------------+


+-------------------------------------------------+
; Port Connectivity Checks: "math_block:t2"       ;
+---------------+-------+----------+--------------+
; Port          ; Type  ; Severity ; Details      ;
+---------------+-------+----------+--------------+
; num_n2[31..3] ; Input ; Info     ; Stuck at GND ;
+---------------+-------+----------+--------------+


+--------------------------------------------------------------------------------------------------------------------------------------+
; Port Connectivity Checks: "Fomin_convert_1:t1"                                                                                       ;
+-------+--------+----------+----------------------------------------------------------------------------------------------------------+
; Port  ; Type   ; Severity ; Details                                                                                                  ;
+-------+--------+----------+----------------------------------------------------------------------------------------------------------+
; p_out ; Output ; Warning  ; Declared by entity but not connected by instance. Logic that only feeds a dangling port will be removed. ;
; m_out ; Output ; Warning  ; Declared by entity but not connected by instance. Logic that only feeds a dangling port will be removed. ;
; p_c1  ; Output ; Warning  ; Declared by entity but not connected by instance. Logic that only feeds a dangling port will be removed. ;
; z_m   ; Output ; Warning  ; Declared by entity but not connected by instance. Logic that only feeds a dangling port will be removed. ;
+-------+--------+----------+----------------------------------------------------------------------------------------------------------+


+-------------------------------+
; Analysis & Synthesis Messages ;
+-------------------------------+
Info: *******************************************************************
Info: Running Quartus II Analysis & Synthesis
    Info: Version 9.1 Build 350 03/24/2010 Service Pack 2 SJ Web Edition
    Info: Processing started: Thu Jan 27 21:05:55 2022
Info: Command: quartus_map --read_settings_files=on --write_settings_files=off add_block -c add_block
Info: Found 2 design units, including 1 entities, in source file converter_regstr.vhd
    Info: Found design unit 1: converter_regstr-arch
    Info: Found entity 1: converter_regstr
Info: Found 2 design units, including 1 entities, in source file int_to_read_block.vhd
    Info: Found design unit 1: int_to_read_block-arch
    Info: Found entity 1: int_to_read_block
Info: Found 2 design units, including 1 entities, in source file ram_block_v2.vhd
    Info: Found design unit 1: ram_block_v2-ram_block_v2
    Info: Found entity 1: ram_block_v2
Info: Found 2 design units, including 1 entities, in source file fomin_convert_1.vhd
    Info: Found design unit 1: Fomin_convert_1-convert
    Info: Found entity 1: Fomin_convert_1
Info: Found 2 design units, including 1 entities, in source file math_block.vhd
    Info: Found design unit 1: math_block-arch
    Info: Found entity 1: math_block
Info: Found 2 design units, including 1 entities, in source file add_block.vhd
    Info: Found design unit 1: add_block-arch
    Info: Found entity 1: add_block
Info: Elaborating entity "add_block" for the top level hierarchy
Info: Elaborating entity "Fomin_convert_1" for hierarchy "Fomin_convert_1:t1"
Warning (10036): Verilog HDL or VHDL warning at Fomin_convert_1.vhd(43): object "pc_1" assigned a value but never read
Warning (10036): Verilog HDL or VHDL warning at Fomin_convert_1.vhd(44): object "str2" assigned a value but never read
Warning (10492): VHDL Process Statement warning at Fomin_convert_1.vhd(71): signal "p1" is read inside the Process Statement but isn't in the Process Statement's sensitivity list
Warning (10492): VHDL Process Statement warning at Fomin_convert_1.vhd(72): signal "m" is read inside the Process Statement but isn't in the Process Statement's sensitivity list
Warning (10492): VHDL Process Statement warning at Fomin_convert_1.vhd(73): signal "z" is read inside the Process Statement but isn't in the Process Statement's sensitivity list
Warning (10492): VHDL Process Statement warning at Fomin_convert_1.vhd(74): signal "x1" is read inside the Process Statement but isn't in the Process Statement's sensitivity list
Warning (10492): VHDL Process Statement warning at Fomin_convert_1.vhd(90): signal "count" is read inside the Process Statement but isn't in the Process Statement's sensitivity list
Warning (10492): VHDL Process Statement warning at Fomin_convert_1.vhd(90): signal "num_n" is read inside the Process Statement but isn't in the Process Statement's sensitivity list
Warning (10492): VHDL Process Statement warning at Fomin_convert_1.vhd(90): signal "p1" is read inside the Process Statement but isn't in the Process Statement's sensitivity list
Warning (10492): VHDL Process Statement warning at Fomin_convert_1.vhd(104): signal "num_n" is read inside the Process Statement but isn't in the Process Statement's sensitivity list
Warning (10492): VHDL Process Statement warning at Fomin_convert_1.vhd(104): signal "p1" is read inside the Process Statement but isn't in the Process Statement's sensitivity list
Warning (10492): VHDL Process Statement warning at Fomin_convert_1.vhd(109): signal "str3" is read inside the Process Statement but isn't in the Process Statement's sensitivity list
Info: Elaborating entity "math_block" for hierarchy "math_block:t2"
Info: Elaborating entity "int_to_read_block" for hierarchy "int_to_read_block:t3"
Warning (10492): VHDL Process Statement warning at int_to_read_block.vhd(47): signal "clk2" is read inside the Process Statement but isn't in the Process Statement's sensitivity list
Warning (10492): VHDL Process Statement warning at int_to_read_block.vhd(58): signal "count_t" is read inside the Process Statement but isn't in the Process Statement's sensitivity list
Warning (10492): VHDL Process Statement warning at int_to_read_block.vhd(64): signal "count_t" is read inside the Process Statement but isn't in the Process Statement's sensitivity list
Warning (10492): VHDL Process Statement warning at int_to_read_block.vhd(70): signal "count_t" is read inside the Process Statement but isn't in the Process Statement's sensitivity list
Warning (10492): VHDL Process Statement warning at int_to_read_block.vhd(76): signal "count_t" is read inside the Process Statement but isn't in the Process Statement's sensitivity list
Warning (10492): VHDL Process Statement warning at int_to_read_block.vhd(84): signal "sign" is read inside the Process Statement but isn't in the Process Statement's sensitivity list
Warning (10492): VHDL Process Statement warning at int_to_read_block.vhd(90): signal "clk2" is read inside the Process Statement but isn't in the Process Statement's sensitivity list
Info: Elaborating entity "ram_block_v2" for hierarchy "ram_block_v2:t4"
Info: Elaborating entity "converter_regstr" for hierarchy "converter_regstr:t5"
Warning (10036): Verilog HDL or VHDL warning at converter_regstr.vhd(19): object "ct1" assigned a value but never read
Info: Found 1 instances of uninferred RAM logic
    Info: RAM logic "ram_block_v2:t4|ram_block" is uninferred due to asynchronous read logic
Info: Inferred 10 megafunctions from design logic
    Info: Inferred multiplier megafunction ("lpm_mult") from the following logic: "math_block:t2|Mult0"
    Info: Inferred multiplier megafunction ("lpm_mult") from the following logic: "math_block:t2|Mult1"
    Info: Inferred multiplier megafunction ("lpm_mult") from the following logic: "math_block:t2|Mult2"
    Info: Inferred multiplier megafunction ("lpm_mult") from the following logic: "math_block:t2|Mult3"
    Info: Inferred multiplier megafunction ("lpm_mult") from the following logic: "math_block:t2|Mult4"
    Info: Inferred multiplier megafunction ("lpm_mult") from the following logic: "math_block:t2|Mult5"
    Info: Inferred multiplier megafunction ("lpm_mult") from the following logic: "math_block:t2|Mult6"
    Info: Inferred multiplier megafunction ("lpm_mult") from the following logic: "math_block:t2|Mult7"
    Info: Inferred multiplier megafunction ("lpm_mult") from the following logic: "math_block:t2|Mult8"
    Info: Inferred multiplier megafunction ("lpm_mult") from the following logic: "Fomin_convert_1:t1|Mult0"
Info: Elaborated megafunction instantiation "math_block:t2|lpm_mult:Mult0"
Info: Instantiated megafunction "math_block:t2|lpm_mult:Mult0" with the following parameter:
    Info: Parameter "LPM_WIDTHA" = "32"
    Info: Parameter "LPM_WIDTHB" = "32"
    Info: Parameter "LPM_WIDTHP" = "64"
    Info: Parameter "LPM_WIDTHR" = "64"
    Info: Parameter "LPM_WIDTHS" = "1"
    Info: Parameter "LPM_REPRESENTATION" = "SIGNED"
    Info: Parameter "INPUT_A_IS_CONSTANT" = "NO"
    Info: Parameter "INPUT_B_IS_CONSTANT" = "NO"
    Info: Parameter "MAXIMIZE_SPEED" = "5"
Info: Found 1 design units, including 1 entities, in source file db/mult_k2t.tdf
    Info: Found entity 1: mult_k2t
Info: Elaborated megafunction instantiation "math_block:t2|lpm_mult:Mult1"
Info: Instantiated megafunction "math_block:t2|lpm_mult:Mult1" with the following parameter:
    Info: Parameter "LPM_WIDTHA" = "32"
    Info: Parameter "LPM_WIDTHB" = "32"
    Info: Parameter "LPM_WIDTHP" = "64"
    Info: Parameter "LPM_WIDTHR" = "64"
    Info: Parameter "LPM_WIDTHS" = "1"
    Info: Parameter "LPM_REPRESENTATION" = "SIGNED"
    Info: Parameter "INPUT_A_IS_CONSTANT" = "NO"
    Info: Parameter "INPUT_B_IS_CONSTANT" = "NO"
    Info: Parameter "MAXIMIZE_SPEED" = "5"
Info: Elaborated megafunction instantiation "math_block:t2|lpm_mult:Mult2"
Info: Instantiated megafunction "math_block:t2|lpm_mult:Mult2" with the following parameter:
    Info: Parameter "LPM_WIDTHA" = "32"
    Info: Parameter "LPM_WIDTHB" = "32"
    Info: Parameter "LPM_WIDTHP" = "64"
    Info: Parameter "LPM_WIDTHR" = "64"
    Info: Parameter "LPM_WIDTHS" = "1"
    Info: Parameter "LPM_REPRESENTATION" = "SIGNED"
    Info: Parameter "INPUT_A_IS_CONSTANT" = "NO"
    Info: Parameter "INPUT_B_IS_CONSTANT" = "NO"
    Info: Parameter "MAXIMIZE_SPEED" = "5"
Info: Elaborated megafunction instantiation "math_block:t2|lpm_mult:Mult3"
Info: Instantiated megafunction "math_block:t2|lpm_mult:Mult3" with the following parameter:
    Info: Parameter "LPM_WIDTHA" = "32"
    Info: Parameter "LPM_WIDTHB" = "32"
    Info: Parameter "LPM_WIDTHP" = "64"
    Info: Parameter "LPM_WIDTHR" = "64"
    Info: Parameter "LPM_WIDTHS" = "1"
    Info: Parameter "LPM_REPRESENTATION" = "SIGNED"
    Info: Parameter "INPUT_A_IS_CONSTANT" = "NO"
    Info: Parameter "INPUT_B_IS_CONSTANT" = "NO"
    Info: Parameter "MAXIMIZE_SPEED" = "5"
Info: Elaborated megafunction instantiation "math_block:t2|lpm_mult:Mult4"
Info: Instantiated megafunction "math_block:t2|lpm_mult:Mult4" with the following parameter:
    Info: Parameter "LPM_WIDTHA" = "32"
    Info: Parameter "LPM_WIDTHB" = "32"
    Info: Parameter "LPM_WIDTHP" = "64"
    Info: Parameter "LPM_WIDTHR" = "64"
    Info: Parameter "LPM_WIDTHS" = "1"
    Info: Parameter "LPM_REPRESENTATION" = "SIGNED"
    Info: Parameter "INPUT_A_IS_CONSTANT" = "NO"
    Info: Parameter "INPUT_B_IS_CONSTANT" = "NO"
    Info: Parameter "MAXIMIZE_SPEED" = "5"
Info: Elaborated megafunction instantiation "math_block:t2|lpm_mult:Mult5"
Info: Instantiated megafunction "math_block:t2|lpm_mult:Mult5" with the following parameter:
    Info: Parameter "LPM_WIDTHA" = "32"
    Info: Parameter "LPM_WIDTHB" = "32"
    Info: Parameter "LPM_WIDTHP" = "64"
    Info: Parameter "LPM_WIDTHR" = "64"
    Info: Parameter "LPM_WIDTHS" = "1"
    Info: Parameter "LPM_REPRESENTATION" = "SIGNED"
    Info: Parameter "INPUT_A_IS_CONSTANT" = "NO"
    Info: Parameter "INPUT_B_IS_CONSTANT" = "NO"
    Info: Parameter "MAXIMIZE_SPEED" = "5"
Info: Elaborated megafunction instantiation "math_block:t2|lpm_mult:Mult8"
Info: Instantiated megafunction "math_block:t2|lpm_mult:Mult8" with the following parameter:
    Info: Parameter "LPM_WIDTHA" = "32"
    Info: Parameter "LPM_WIDTHB" = "14"
    Info: Parameter "LPM_WIDTHP" = "46"
    Info: Parameter "LPM_WIDTHR" = "46"
    Info: Parameter "LPM_WIDTHS" = "1"
    Info: Parameter "LPM_REPRESENTATION" = "SIGNED"
    Info: Parameter "INPUT_A_IS_CONSTANT" = "NO"
    Info: Parameter "INPUT_B_IS_CONSTANT" = "YES"
    Info: Parameter "MAXIMIZE_SPEED" = "5"
Info: Found 1 design units, including 1 entities, in source file db/mult_86t.tdf
    Info: Found entity 1: mult_86t
Info: Elaborated megafunction instantiation "Fomin_convert_1:t1|lpm_mult:Mult0"
Info: Instantiated megafunction "Fomin_convert_1:t1|lpm_mult:Mult0" with the following parameter:
    Info: Parameter "LPM_WIDTHA" = "32"
    Info: Parameter "LPM_WIDTHB" = "32"
    Info: Parameter "LPM_WIDTHP" = "64"
    Info: Parameter "LPM_WIDTHR" = "64"
    Info: Parameter "LPM_WIDTHS" = "1"
    Info: Parameter "LPM_REPRESENTATION" = "SIGNED"
    Info: Parameter "INPUT_A_IS_CONSTANT" = "NO"
    Info: Parameter "INPUT_B_IS_CONSTANT" = "NO"
    Info: Parameter "MAXIMIZE_SPEED" = "5"
Warning: 1 hierarchies have connectivity warnings - see the Connectivity Checks report folder
Warning: Output pins are stuck at VCC or GND
    Warning (13410): Pin "blk_3_a[5]" is stuck at GND
    Warning (13410): Pin "blk_3_a[6]" is stuck at GND
    Warning (13410): Pin "blk_3_a[7]" is stuck at GND
    Warning (13410): Pin "blk_3_a[8]" is stuck at GND
    Warning (13410): Pin "blk_3_a[9]" is stuck at GND
    Warning (13410): Pin "blk_3_a[10]" is stuck at GND
    Warning (13410): Pin "blk_4_z[5]" is stuck at GND
    Warning (13410): Pin "blk_4_z[6]" is stuck at GND
    Warning (13410): Pin "blk_4_z[7]" is stuck at GND
    Warning (13410): Pin "blk_4_z[8]" is stuck at GND
    Warning (13410): Pin "blk_4_z[9]" is stuck at GND
    Warning (13410): Pin "blk_4_z[10]" is stuck at GND
Warning: Design contains 1 input pin(s) that do not drive logic
    Warning (15610): No output dependent on input pin "x[10]"
Info: Implemented 1481 device resources after synthesis - the final resource count might be different
    Info: Implemented 42 input pins
    Info: Implemented 142 output pins
    Info: Implemented 1217 logic cells
    Info: Implemented 80 DSP elements
Info: Quartus II Analysis & Synthesis was successful. 0 errors, 36 warnings
    Info: Peak virtual memory: 255 megabytes
    Info: Processing ended: Thu Jan 27 21:06:00 2022
    Info: Elapsed time: 00:00:05
    Info: Total CPU time (on all processors): 00:00:06


