Flow report for converter_regstr
Sun Jan 16 16:04:24 2022
Quartus II Version 9.1 Build 350 03/24/2010 Service Pack 2 SJ Web Edition


---------------------
; Table of Contents ;
---------------------
  1. Legal Notice
  2. Flow Summary
  3. Flow Settings
  4. Flow Non-Default Global Settings
  5. Flow Elapsed Time
  6. Flow OS Summary
  7. Flow Log



----------------
; Legal Notice ;
----------------
Copyright (C) 1991-2010 Altera Corporation
Your use of Altera Corporation's design tools, logic functions 
and other software and tools, and its AMPP partner logic 
functions, and any output files from any of the foregoing 
(including device programming or simulation files), and any 
associated documentation or information are expressly subject 
to the terms and conditions of the Altera Program License 
Subscription Agreement, Altera MegaCore Function License 
Agreement, or other applicable license agreement, including, 
without limitation, that your use is for the sole purpose of 
programming logic devices manufactured by Altera and sold by 
Altera or its authorized distributors.  Please refer to the 
applicable agreement for further details.



+------------------------------------------------------------------------------+
; Flow Summary                                                                 ;
+-------------------------------+----------------------------------------------+
; Flow Status                   ; Successful - Sun Jan 16 16:04:24 2022        ;
; Quartus II Version            ; 9.1 Build 350 03/24/2010 SP 2 SJ Web Edition ;
; Revision Name                 ; converter_regstr                             ;
; Top-level Entity Name         ; converter_regstr                             ;
; Family                        ; Stratix II                                   ;
; Met timing requirements       ; Yes                                          ;
; Logic utilization             ; < 1 %                                        ;
;     Combinational ALUTs       ; 1 / 12,480 ( < 1 % )                         ;
;     Dedicated logic registers ; 33 / 12,480 ( < 1 % )                        ;
; Total registers               ; 33                                           ;
; Total pins                    ; 35 / 343 ( 10 % )                            ;
; Total virtual pins            ; 0                                            ;
; Total block memory bits       ; 0 / 419,328 ( 0 % )                          ;
; DSP block 9-bit elements      ; 0 / 96 ( 0 % )                               ;
; Total PLLs                    ; 0 / 6 ( 0 % )                                ;
; Total DLLs                    ; 0 / 2 ( 0 % )                                ;
; Device                        ; EP2S15F484C3                                 ;
; Timing Models                 ; Final                                        ;
+-------------------------------+----------------------------------------------+


+-----------------------------------------+
; Flow Settings                           ;
+-------------------+---------------------+
; Option            ; Setting             ;
+-------------------+---------------------+
; Start date & time ; 01/16/2022 16:04:13 ;
; Main task         ; Compilation         ;
; Revision Name     ; converter_regstr    ;
+-------------------+---------------------+


+---------------------------------------------------------------------------------------------------------------------+
; Flow Non-Default Global Settings                                                                                    ;
+------------------------------------+---------------------------------+---------------+-------------+----------------+
; Assignment Name                    ; Value                           ; Default Value ; Entity Name ; Section Id     ;
+------------------------------------+---------------------------------+---------------+-------------+----------------+
; COMPILER_SIGNATURE_ID              ; 255543652739180.164234185301084 ; --            ; --          ; --             ;
; PARTITION_COLOR                    ; 16764057                        ; --            ; --          ; Top            ;
; PARTITION_NETLIST_TYPE             ; SOURCE                          ; --            ; --          ; Top            ;
; USE_GENERATED_PHYSICAL_CONSTRAINTS ; Off                             ; --            ; --          ; eda_blast_fpga ;
+------------------------------------+---------------------------------+---------------+-------------+----------------+


+-----------------------------------------------------------------------------------------------------------------------------+
; Flow Elapsed Time                                                                                                           ;
+-------------------------+--------------+-------------------------+---------------------+------------------------------------+
; Module Name             ; Elapsed Time ; Average Processors Used ; Peak Virtual Memory ; Total CPU Time (on all processors) ;
+-------------------------+--------------+-------------------------+---------------------+------------------------------------+
; Analysis & Synthesis    ; 00:00:01     ; 1.0                     ; 234 MB              ; 00:00:01                           ;
; Fitter                  ; 00:00:05     ; 1.0                     ; 262 MB              ; 00:00:05                           ;
; Assembler               ; 00:00:01     ; 1.0                     ; 230 MB              ; 00:00:02                           ;
; Classic Timing Analyzer ; 00:00:00     ; 1.0                     ; 159 MB              ; 00:00:00                           ;
; Total                   ; 00:00:07     ; --                      ; --                  ; 00:00:08                           ;
+-------------------------+--------------+-------------------------+---------------------+------------------------------------+


+------------------------------------------------------------------------------------------+
; Flow OS Summary                                                                          ;
+-------------------------+------------------+---------------+------------+----------------+
; Module Name             ; Machine Hostname ; OS Name       ; OS Version ; Processor type ;
+-------------------------+------------------+---------------+------------+----------------+
; Analysis & Synthesis    ; DESKTOP-GO0B47L  ; Windows Vista ; 6.2        ; x86_64         ;
; Fitter                  ; DESKTOP-GO0B47L  ; Windows Vista ; 6.2        ; x86_64         ;
; Assembler               ; DESKTOP-GO0B47L  ; Windows Vista ; 6.2        ; x86_64         ;
; Classic Timing Analyzer ; DESKTOP-GO0B47L  ; Windows Vista ; 6.2        ; x86_64         ;
+-------------------------+------------------+---------------+------------+----------------+


------------
; Flow Log ;
------------
quartus_map --read_settings_files=on --write_settings_files=off converter_regstr -c converter_regstr
quartus_fit --read_settings_files=off --write_settings_files=off converter_regstr -c converter_regstr
quartus_asm --read_settings_files=off --write_settings_files=off converter_regstr -c converter_regstr
quartus_tan --read_settings_files=off --write_settings_files=off converter_regstr -c converter_regstr --timing_analysis_only



